2022-11-22 15:21:48,808 [INFO] Activator:177 - 


2022-11-22 15:21:48,812 [INFO] Activator:178 - !SESSION log4j initialized
2022-11-22 15:22:18,513 [ERROR] LogOutputStream:74 - [STDERR_REDIRECT] SLF4J: Failed to load class "org.slf4j.impl.StaticLoggerBinder".
2022-11-22 15:22:18,515 [ERROR] LogOutputStream:74 - [STDERR_REDIRECT] SLF4J: Defaulting to no-operation (NOP) logger implementation
2022-11-22 15:22:18,516 [ERROR] LogOutputStream:74 - [STDERR_REDIRECT] SLF4J: See http://www.slf4j.org/codes.html#StaticLoggerBinder for further details.
2022-11-22 15:23:31,183 [INFO] McuFinderGlobals:44 - Set McuFinder mode to 2 (CubeIDE integrated)
2022-11-22 15:23:32,070 [INFO] ApplicationProperties:181 - Using Application install path: C:\ST\STM32CubeIDE_1.10.1\STM32CubeIDE\plugins\com.st.stm32cube.common.mx_6.6.1.202207061420
2022-11-22 15:23:32,096 [INFO] DbMcusXml:77 - Set database path to: C:\ST\STM32CubeIDE_1.10.1\STM32CubeIDE\plugins\com.st.stm32cube.common.mx_6.6.1.202207061420\\db\/mcu/
2022-11-22 15:23:32,102 [INFO] ApiDb:269 - Set plugin database path to: C:\ST\STM32CubeIDE_1.10.1\STM32CubeIDE\plugins\com.st.stm32cube.common.mx_6.6.1.202207061420\\db\/plugins/boardmanager/
2022-11-22 15:23:32,104 [WARN] ApiDb:254 - Overriding images path with different value:  => C:\ST\STM32CubeIDE_1.10.1\STM32CubeIDE\plugins\com.st.stm32cube.common.mx_6.6.1.202207061420\\db\/plugins/mcufinder/images/
2022-11-22 15:23:32,127 [INFO] ApiDb:249 - Set database path to: C:\Users\Ponchito\.stmcufinder\plugins\mcufinder//mcu/
2022-11-22 15:23:32,127 [INFO] DbMcusAds:124 - Set database path to: C:\Users\Ponchito\.stmcufinder\plugins\mcufinder//mcu/
2022-11-22 15:23:32,139 [INFO] CrossReferenceDbSqlite:201 - Set database path to: C:\Users\Ponchito\.stmcufinder\plugins\mcufinder//mcu/cs/
2022-11-22 15:23:32,372 [INFO] RulesReader:61 - Compatibility file has been processed (282 Rules)
2022-11-22 15:23:32,491 [INFO] DbMcusXml:77 - Set database path to: C:\ST\STM32CubeIDE_1.10.1\STM32CubeIDE\plugins\com.st.stm32cube.common.mx_6.6.1.202207061420\\db\/mcu/
2022-11-22 15:23:32,492 [INFO] ApiDb:269 - Set plugin database path to: C:\ST\STM32CubeIDE_1.10.1\STM32CubeIDE\plugins\com.st.stm32cube.common.mx_6.6.1.202207061420\\db\/plugins/boardmanager/
2022-11-22 15:23:32,492 [INFO] ApiDb:256 - Set plugin images path to: C:\ST\STM32CubeIDE_1.10.1\STM32CubeIDE\plugins\com.st.stm32cube.common.mx_6.6.1.202207061420\\db\/plugins/mcufinder/images/
2022-11-22 15:23:32,492 [WARN] DbFile:40 - Overriding database path with different value: C:\Users\Ponchito\.stmcufinder\plugins\mcufinder/ => C:\Users\Ponchito\.stmcufinder\plugins\mcufinder
2022-11-22 15:23:32,492 [INFO] ApiDb:249 - Set database path to: C:\Users\Ponchito\.stmcufinder\plugins\mcufinder//mcu/
2022-11-22 15:23:32,492 [WARN] DbFile:40 - Overriding database path with different value: C:\Users\Ponchito\.stmcufinder\plugins\mcufinder/ => C:\Users\Ponchito\.stmcufinder\plugins\mcufinder
2022-11-22 15:23:32,492 [INFO] DbMcusAds:124 - Set database path to: C:\Users\Ponchito\.stmcufinder\plugins\mcufinder//mcu/
2022-11-22 15:23:32,495 [WARN] DbFile:40 - Overriding database path with different value: C:\Users\Ponchito\.stmcufinder\plugins\mcufinder/ => C:\Users\Ponchito\.stmcufinder\plugins\mcufinder
2022-11-22 15:23:32,495 [WARN] DbFile:40 - Overriding database path with different value: C:\Users\Ponchito\.stmcufinder\plugins\mcufinder/ => C:\Users\Ponchito\.stmcufinder\plugins\mcufinder
2022-11-22 15:23:32,495 [INFO] CrossReferenceDbSqlite:201 - Set database path to: C:\Users\Ponchito\.stmcufinder\plugins\mcufinder//mcu/cs/
2022-11-22 15:23:32,627 [INFO] MainPanel:242 - HeapMemory: 413138944
2022-11-22 15:23:32,791 [INFO] DbMcusXml:77 - Set database path to: C:\ST\STM32CubeIDE_1.10.1\STM32CubeIDE\plugins\com.st.stm32cube.common.mx_6.6.1.202207061420\\db\/mcu/
2022-11-22 15:23:32,791 [INFO] ApiDb:269 - Set plugin database path to: C:\ST\STM32CubeIDE_1.10.1\STM32CubeIDE\plugins\com.st.stm32cube.common.mx_6.6.1.202207061420\\db\/plugins/boardmanager/
2022-11-22 15:23:32,791 [INFO] ApiDb:256 - Set plugin images path to: C:\ST\STM32CubeIDE_1.10.1\STM32CubeIDE\plugins\com.st.stm32cube.common.mx_6.6.1.202207061420\\db\/plugins/mcufinder/images/
2022-11-22 15:23:32,791 [WARN] DbFile:40 - Overriding database path with different value: C:\Users\Ponchito\.stmcufinder\plugins\mcufinder/ => C:\Users\Ponchito\.stmcufinder\plugins\mcufinder
2022-11-22 15:23:32,791 [INFO] ApiDb:249 - Set database path to: C:\Users\Ponchito\.stmcufinder\plugins\mcufinder//mcu/
2022-11-22 15:23:32,791 [WARN] DbFile:40 - Overriding database path with different value: C:\Users\Ponchito\.stmcufinder\plugins\mcufinder/ => C:\Users\Ponchito\.stmcufinder\plugins\mcufinder
2022-11-22 15:23:32,791 [INFO] DbMcusAds:124 - Set database path to: C:\Users\Ponchito\.stmcufinder\plugins\mcufinder//mcu/
2022-11-22 15:23:32,791 [WARN] DbFile:40 - Overriding database path with different value: C:\Users\Ponchito\.stmcufinder\plugins\mcufinder/ => C:\Users\Ponchito\.stmcufinder\plugins\mcufinder
2022-11-22 15:23:32,791 [WARN] DbFile:40 - Overriding database path with different value: C:\Users\Ponchito\.stmcufinder\plugins\mcufinder/ => C:\Users\Ponchito\.stmcufinder\plugins\mcufinder
2022-11-22 15:23:32,794 [INFO] CrossReferenceDbSqlite:201 - Set database path to: C:\Users\Ponchito\.stmcufinder\plugins\mcufinder//mcu/cs/
2022-11-22 15:23:32,821 [INFO] ApplicationProperties:181 - Using Application install path: C:\ST\STM32CubeIDE_1.10.1\STM32CubeIDE\plugins\com.st.stm32cube.common.mx_6.6.1.202207061420
2022-11-22 15:23:32,822 [INFO] PluginManage:193 - Search for loadable plugins [exclusion list=, ]
2022-11-22 15:23:32,825 [INFO] PluginManage:307 - Check plugin analytics
2022-11-22 15:23:38,077 [INFO] AnalyticsPlugin:262 - Accepted Software Licenses: 
2022-11-22 15:23:38,077 [INFO] AnalyticsPlugin:264 - Accepted CMSIS Pack Licenses: 
2022-11-22 15:23:38,077 [INFO] AnalyticsPlugin:266 - Accepted Firmware Licenses: 
2022-11-22 15:23:38,092 [INFO] PluginManage:356 - Loaded plugin analytics (category:tool,tabindex:-1)
2022-11-22 15:23:38,092 [INFO] PluginManage:307 - Check plugin cadmodel
2022-11-22 15:23:38,108 [INFO] CADModel:65 - Init CAD model plugin
2022-11-22 15:23:38,108 [INFO] PluginManage:356 - Loaded plugin cadmodel (category:power,tabindex:5)
2022-11-22 15:23:38,108 [INFO] PluginManage:307 - Check plugin clock
2022-11-22 15:23:38,134 [INFO] PluginManage:356 - Loaded plugin clock (category:base,tabindex:2)
2022-11-22 15:23:38,135 [INFO] PluginManage:307 - Check plugin ddr
2022-11-22 15:23:38,135 [INFO] PluginManage:356 - Loaded plugin ddr (category:tool,tabindex:6)
2022-11-22 15:23:38,135 [INFO] PluginManage:307 - Check plugin filemanager
2022-11-22 15:23:38,319 [INFO] PluginManage:356 - Loaded plugin filemanager (category:base,tabindex:10)
2022-11-22 15:23:38,319 [INFO] PluginManage:307 - Check plugin ipmanager
2022-11-22 15:23:38,335 [INFO] PluginManage:356 - Loaded plugin ipmanager (category:base,tabindex:5)
2022-11-22 15:23:38,335 [INFO] PluginManage:307 - Check plugin lpbam
2022-11-22 15:23:38,353 [INFO] PluginManage:356 - Loaded plugin lpbam (category:base,tabindex:0)
2022-11-22 15:23:38,353 [INFO] PluginManage:307 - Check plugin pinoutandconfiguration
2022-11-22 15:23:38,376 [INFO] PluginManage:356 - Loaded plugin pinoutandconfiguration (category:base,tabindex:1)
2022-11-22 15:23:38,377 [INFO] PluginManage:307 - Check plugin pinoutconfig
2022-11-22 15:23:38,425 [INFO] PluginManage:356 - Loaded plugin pinoutconfig (category:base,tabindex:0)
2022-11-22 15:23:38,425 [INFO] PluginManage:307 - Check plugin power
2022-11-22 15:23:38,456 [INFO] PluginManage:356 - Loaded plugin power (category:power,tabindex:4)
2022-11-22 15:23:38,456 [INFO] PluginManage:307 - Check plugin projectmanager
2022-11-22 15:23:38,480 [INFO] PluginManage:356 - Loaded plugin projectmanager (category:projectmanager,tabindex:3)
2022-11-22 15:23:38,480 [INFO] PluginManage:307 - Check plugin thirdparty
2022-11-22 15:23:38,803 [WARN] IntegrityCheckThread:82 - waiting for thirdparty lock release [integrity check]
2022-11-22 15:23:38,803 [INFO] PluginManage:356 - Loaded plugin thirdparty (category:base,tabindex:-1)
2022-11-22 15:23:38,803 [INFO] IntegrityCheckThread:84 - entering critical section [integrity check]
2022-11-22 15:23:38,804 [INFO] PluginManage:307 - Check plugin tools
2022-11-22 15:23:38,807 [INFO] ThirdPartyUpdaterWithRetryManager:70 - Updater plugin not ready yet. [1/15]
2022-11-22 15:23:38,832 [INFO] PluginManage:356 - Loaded plugin tools (category:base,tabindex:7)
2022-11-22 15:23:38,832 [INFO] PluginManage:307 - Check plugin tutovideos
2022-11-22 15:23:39,149 [INFO] PluginManage:356 - Loaded plugin tutovideos (category:base,tabindex:-1)
2022-11-22 15:23:39,149 [INFO] PluginManage:307 - Check plugin updater
2022-11-22 15:23:39,168 [INFO] PluginManage:356 - Loaded plugin updater (category:base,tabindex:12)
2022-11-22 15:23:39,168 [INFO] PluginManage:280 - PluginManage : Loaded plugins [15]
2022-11-22 15:23:39,514 [INFO] PinOutPanel:1468 - setPackage(No Configuration,No Configuration)
2022-11-22 15:23:39,604 [INFO] CADModel:98 - CPN selected for project level
2022-11-22 15:23:39,636 [INFO] IPUIPlugin:79 - create IPUIPlugin
2022-11-22 15:23:39,636 [INFO] PluginManager:217 - loadIPPluginJar : add adc
2022-11-22 15:23:39,676 [INFO] IPUIPlugin:79 - create IPUIPlugin
2022-11-22 15:23:39,676 [INFO] PluginManager:217 - loadIPPluginJar : add aes
2022-11-22 15:23:39,718 [INFO] IPUIPlugin:79 - create IPUIPlugin
2022-11-22 15:23:39,718 [INFO] PluginManager:217 - loadIPPluginJar : add can
2022-11-22 15:23:39,740 [INFO] IPUIPlugin:79 - create IPUIPlugin
2022-11-22 15:23:39,740 [INFO] PluginManager:217 - loadIPPluginJar : add comp
2022-11-22 15:23:39,780 [INFO] IPUIPlugin:79 - create IPUIPlugin
2022-11-22 15:23:39,780 [INFO] PluginManager:217 - loadIPPluginJar : add cryp
2022-11-22 15:23:39,812 [INFO] IPUIPlugin:79 - create IPUIPlugin
2022-11-22 15:23:39,812 [INFO] PluginManager:217 - loadIPPluginJar : add dfsdm
2022-11-22 15:23:39,828 [INFO] IPUIPlugin:79 - create IPUIPlugin
2022-11-22 15:23:39,828 [INFO] PluginManager:217 - loadIPPluginJar : add dma
2022-11-22 15:23:39,877 [INFO] IPUIPlugin:79 - create IPUIPlugin
2022-11-22 15:23:39,877 [INFO] PluginManager:217 - loadIPPluginJar : add dma3
2022-11-22 15:23:39,910 [INFO] IPUIPlugin:79 - create IPUIPlugin
2022-11-22 15:23:39,910 [INFO] PluginManager:217 - loadIPPluginJar : add fatfs
2022-11-22 15:23:39,978 [INFO] IPUIPlugin:79 - create IPUIPlugin
2022-11-22 15:23:39,978 [INFO] PluginManager:217 - loadIPPluginJar : add fmc
2022-11-22 15:23:40,002 [INFO] IPUIPlugin:79 - create IPUIPlugin
2022-11-22 15:23:40,002 [INFO] PluginManager:217 - loadIPPluginJar : add freertos
2022-11-22 15:23:40,037 [INFO] IPUIPlugin:79 - create IPUIPlugin
2022-11-22 15:23:40,037 [INFO] PluginManager:217 - loadIPPluginJar : add genericplugin
2022-11-22 15:23:40,131 [INFO] IPUIPlugin:79 - create IPUIPlugin
2022-11-22 15:23:40,131 [INFO] PluginManager:217 - loadIPPluginJar : add gfxmmu
2022-11-22 15:23:40,280 [INFO] IPUIPlugin:79 - create IPUIPlugin
2022-11-22 15:23:40,280 [INFO] PluginManager:217 - loadIPPluginJar : add gic
2022-11-22 15:23:40,343 [INFO] IPUIPlugin:79 - create IPUIPlugin
2022-11-22 15:23:40,351 [INFO] PluginManager:217 - loadIPPluginJar : add gpio
2022-11-22 15:23:40,473 [INFO] IPUIPlugin:79 - create IPUIPlugin
2022-11-22 15:23:40,473 [INFO] PluginManager:217 - loadIPPluginJar : add gtzc
2022-11-22 15:23:40,522 [INFO] IPUIPlugin:79 - create IPUIPlugin
2022-11-22 15:23:40,522 [INFO] PluginManager:217 - loadIPPluginJar : add hash
2022-11-22 15:23:40,573 [INFO] IPUIPlugin:79 - create IPUIPlugin
2022-11-22 15:23:40,573 [INFO] PluginManager:217 - loadIPPluginJar : add i2c
2022-11-22 15:23:40,630 [INFO] IPUIPlugin:79 - create IPUIPlugin
2022-11-22 15:23:40,630 [INFO] PluginManager:217 - loadIPPluginJar : add i2s
2022-11-22 15:23:40,808 [INFO] IPUIPlugin:79 - create IPUIPlugin
2022-11-22 15:23:40,808 [INFO] PluginManager:217 - loadIPPluginJar : add ipddr
2022-11-22 15:23:40,937 [INFO] IPUIPlugin:79 - create IPUIPlugin
2022-11-22 15:23:40,937 [INFO] PluginManager:217 - loadIPPluginJar : add linkedlist
2022-11-22 15:23:41,041 [INFO] IPUIPlugin:79 - create IPUIPlugin
2022-11-22 15:23:41,041 [INFO] PluginManager:217 - loadIPPluginJar : add lorawan
2022-11-22 15:23:41,087 [INFO] IPUIPlugin:79 - create IPUIPlugin
2022-11-22 15:23:41,087 [INFO] PluginManager:217 - loadIPPluginJar : add ltdc
2022-11-22 15:23:41,111 [INFO] IPUIPlugin:79 - create IPUIPlugin
2022-11-22 15:23:41,111 [INFO] PluginManager:217 - loadIPPluginJar : add mdma
2022-11-22 15:23:41,129 [INFO] IPUIPlugin:79 - create IPUIPlugin
2022-11-22 15:23:41,129 [INFO] PluginManager:217 - loadIPPluginJar : add nvic
2022-11-22 15:23:41,177 [INFO] IPUIPlugin:79 - create IPUIPlugin
2022-11-22 15:23:41,177 [INFO] PluginManager:217 - loadIPPluginJar : add opamp
2022-11-22 15:23:41,243 [INFO] IPUIPlugin:79 - create IPUIPlugin
2022-11-22 15:23:41,243 [INFO] PluginManager:217 - loadIPPluginJar : add openamp
2022-11-22 15:23:41,292 [INFO] IPUIPlugin:79 - create IPUIPlugin
2022-11-22 15:23:41,292 [INFO] PluginManager:217 - loadIPPluginJar : add pdm2pcm
2022-11-22 15:23:41,309 [INFO] IPUIPlugin:79 - create IPUIPlugin
2022-11-22 15:23:41,309 [INFO] PluginManager:217 - loadIPPluginJar : add plateformsettings
2022-11-22 15:23:41,341 [INFO] IPUIPlugin:79 - create IPUIPlugin
2022-11-22 15:23:41,341 [INFO] PluginManager:217 - loadIPPluginJar : add quadspi
2022-11-22 15:23:41,358 [INFO] IPUIPlugin:79 - create IPUIPlugin
2022-11-22 15:23:41,358 [INFO] PluginManager:217 - loadIPPluginJar : add resmgrutility
2022-11-22 15:23:41,413 [INFO] IPUIPlugin:79 - create IPUIPlugin
2022-11-22 15:23:41,413 [INFO] PluginManager:217 - loadIPPluginJar : add sai
2022-11-22 15:23:41,453 [INFO] IPUIPlugin:79 - create IPUIPlugin
2022-11-22 15:23:41,453 [INFO] PluginManager:217 - loadIPPluginJar : add spi
2022-11-22 15:23:41,510 [INFO] IPUIPlugin:79 - create IPUIPlugin
2022-11-22 15:23:41,510 [INFO] PluginManager:217 - loadIPPluginJar : add stm32_wpan
2022-11-22 15:23:41,536 [INFO] IPUIPlugin:79 - create IPUIPlugin
2022-11-22 15:23:41,536 [INFO] PluginManager:217 - loadIPPluginJar : add tim
2022-11-22 15:23:41,602 [INFO] IPUIPlugin:79 - create IPUIPlugin
2022-11-22 15:23:41,602 [INFO] PluginManager:217 - loadIPPluginJar : add touchsensing
2022-11-22 15:23:41,622 [INFO] IPUIPlugin:79 - create IPUIPlugin
2022-11-22 15:23:41,622 [INFO] PluginManager:217 - loadIPPluginJar : add tracer_emb
2022-11-22 15:23:41,647 [INFO] IPUIPlugin:79 - create IPUIPlugin
2022-11-22 15:23:41,647 [INFO] PluginManager:217 - loadIPPluginJar : add ts
2022-11-22 15:23:41,676 [INFO] IPUIPlugin:79 - create IPUIPlugin
2022-11-22 15:23:41,677 [INFO] PluginManager:217 - loadIPPluginJar : add tsc
2022-11-22 15:23:41,697 [INFO] IPUIPlugin:79 - create IPUIPlugin
2022-11-22 15:23:41,697 [INFO] PluginManager:217 - loadIPPluginJar : add ucpd
2022-11-22 15:23:41,744 [INFO] IPUIPlugin:79 - create IPUIPlugin
2022-11-22 15:23:41,744 [INFO] PluginManager:217 - loadIPPluginJar : add usart
2022-11-22 15:23:41,795 [INFO] IPUIPlugin:79 - create IPUIPlugin
2022-11-22 15:23:41,795 [INFO] PluginManager:217 - loadIPPluginJar : add usbx
2022-11-22 15:23:41,817 [INFO] ThirdPartyUpdaterWithRetryManager:70 - Updater plugin not ready yet. [2/15]
2022-11-22 15:23:42,224 [FATAL] Updater:301 - Updater called before beeing initialized
2022-11-22 15:23:42,396 [FATAL] Updater:301 - Updater called before beeing initialized
2022-11-22 15:23:42,408 [INFO] DbMcusAds:52 - JSON generation date=Thu Sep 30 01:56:37 CDT 2021 (1632984997303)
2022-11-22 15:23:42,410 [FATAL] Updater:301 - Updater called before beeing initialized
2022-11-22 15:23:42,502 [WARN] DetailPanel:344 - Failed to get advertising image, set to default
2022-11-22 15:23:42,690 [FATAL] Updater:301 - Updater called before beeing initialized
2022-11-22 15:23:42,698 [FATAL] Updater:301 - Updater called before beeing initialized
2022-11-22 15:23:42,698 [FATAL] Updater:301 - Updater called before beeing initialized
2022-11-22 15:23:42,698 [WARN] DetailPanel:344 - Failed to get advertising image, set to default
2022-11-22 15:23:42,698 [FATAL] Updater:301 - Updater called before beeing initialized
2022-11-22 15:23:42,781 [ERROR] Updater:1105 - MainUpdater not yet initialized. External WinMGr cannot be set.
2022-11-22 15:23:42,797 [INFO] Updater:1041 - Updater Version found : 6.6.1
2022-11-22 15:23:42,820 [INFO] ApplicationProperties:181 - Using Application install path: C:\ST\STM32CubeIDE_1.10.1\STM32CubeIDE\plugins\com.st.stm32cube.common.mx_6.6.1.202207061420
2022-11-22 15:23:43,094 [INFO] MainUpdater:2768 - connection check result : 10
2022-11-22 15:23:43,094 [INFO] MainUpdater:3453 - Updater definition file requires update
2022-11-22 15:23:43,094 [INFO] MainUpdater:280 - Updater Check For Update Now.
2022-11-22 15:23:43,100 [INFO] MicroXplorer:481 - Change Database Version : DB.6.0.60
2022-11-22 15:23:43,421 [INFO] ServerAccessManage:474 - Download File updaters.zip
2022-11-22 15:23:43,844 [INFO] FileExtend:239 - Unzip File : updaters.zip
2022-11-22 15:23:43,844 [INFO] FileExtend:254 - Standard Zip Deflate
2022-11-22 15:23:44,389 [INFO] ServerAccessManage:474 - Download File PacksControlFlags.xml
2022-11-22 15:23:44,471 [INFO] ServerAccessManage:474 - Download File cubemx.pidx
2022-11-22 15:23:44,597 [INFO] LoadServerUpdatesThread:367 - End of LoadServerUpdate Thread
2022-11-22 15:23:44,765 [INFO] CheckServerUpdateThread:119 - End of CheckServer Thread
2022-11-22 15:23:44,781 [INFO] MainUpdater:2768 - connection check result : 10
2022-11-22 15:23:45,055 [INFO] McuFinderGlobals:57 - Set McuFinderConnectedMode to true
2022-11-22 15:23:45,247 [WARN] PackLoader:242 - Cannot read IP mode file for STMicroelectronics.X-CUBE-GNSS1.6.0.0
2022-11-22 15:23:45,386 [INFO] ServerAccessManage:474 - Download File mcusAds.json._tmp_
2022-11-22 15:23:45,418 [WARN] PackLoader:242 - Cannot read IP mode file for STMicroelectronics.X-CUBE-AZRTOS-F4.1.1.0
2022-11-22 15:23:45,524 [INFO] LoadUrlFilesThread:150 - End of LoadUrlFiles Thread
2022-11-22 15:23:45,551 [WARN] PackLoader:242 - Cannot read IP mode file for STMicroelectronics.X-CUBE-BLEMGR.1.2.0
2022-11-22 15:23:45,580 [INFO] ServerAccessManage:474 - Download File cube-finder-db.zip
2022-11-22 15:23:45,744 [WARN] PackLoader:242 - Cannot read IP mode file for STMicroelectronics.X-CUBE-AZRTOS-F7.1.1.0
2022-11-22 15:23:45,767 [WARN] PackLoader:242 - Cannot read IP mode file for STMicroelectronics.X-CUBE-BLE1.6.2.3
2022-11-22 15:23:45,795 [WARN] PackLoader:242 - Cannot read IP mode file for STMicroelectronics.X-CUBE-NFC4.2.0.5
2022-11-22 15:23:45,827 [WARN] PackLoader:242 - Cannot read IP mode file for STMicroelectronics.X-CUBE-NFC4.2.0.4
2022-11-22 15:23:45,929 [WARN] PackLoader:242 - Cannot read IP mode file for STMicroelectronics.X-CUBE-TOF1.3.1.0
2022-11-22 15:23:45,955 [WARN] PackLoader:242 - Cannot read IP mode file for wolfSSL.I-CUBE-wolfSSL.5.5.0
2022-11-22 15:23:45,970 [WARN] PackLoader:242 - Cannot read IP mode file for STMicroelectronics.X-CUBE-NFC7.1.0.0
2022-11-22 15:23:46,164 [WARN] PackLoader:242 - Cannot read IP mode file for STMicroelectronics.X-CUBE-MEMS1.9.3.0
2022-11-22 15:23:46,597 [WARN] PackLoader:242 - Cannot read IP mode file for STMicroelectronics.X-CUBE-AI.7.2.0
2022-11-22 15:23:46,616 [WARN] PackLoader:242 - Cannot read IP mode file for STMicroelectronics.X-CUBE-SFXS2LP1.4.0.0
2022-11-22 15:23:46,631 [WARN] PackLoader:242 - Cannot read IP mode file for STMicroelectronics.X-CUBE-BLE2.3.3.0
2022-11-22 15:23:46,658 [WARN] PackLoader:242 - Cannot read IP mode file for STMicroelectronics.X-CUBE-DISPLAY.2.2.0
2022-11-22 15:23:46,678 [WARN] PackLoader:242 - Cannot read IP mode file for STMicroelectronics.X-CUBE-TOF1.3.2.0
2022-11-22 15:23:46,711 [WARN] PackLoader:242 - Cannot read IP mode file for STMicroelectronics.X-CUBE-ISPU.1.0.0
2022-11-22 15:23:46,718 [WARN] PackLoader:242 - Cannot read IP mode file for STMicroelectronics.X-CUBE-ISPU.1.1.0
2022-11-22 15:23:46,749 [WARN] PackLoader:242 - Cannot read IP mode file for RoweBots.I-CUBE-UNISONRTOS.5.5.0-4
2022-11-22 15:23:46,785 [WARN] PackLoader:242 - Cannot read IP mode file for STMicroelectronics.X-CUBE-AZRTOS-H7.2.1.0
2022-11-22 15:23:46,809 [WARN] PackLoader:242 - Cannot read IP mode file for STMicroelectronics.X-CUBE-BLEMGR.1.0.0
2022-11-22 15:23:46,825 [WARN] PackLoader:242 - Cannot read IP mode file for STMicroelectronics.X-CUBE-AI.7.3.0
2022-11-22 15:23:46,841 [WARN] PackLoader:242 - Cannot read IP mode file for STMicroelectronics.X-CUBE-ALGOBUILD.1.3.0
2022-11-22 15:23:46,870 [WARN] PackLoader:242 - Cannot read IP mode file for STMicroelectronics.X-CUBE-AZRTOS-G0.1.1.0
2022-11-22 15:23:46,898 [WARN] PackLoader:242 - Cannot read IP mode file for STMicroelectronics.X-CUBE-SUBG2.5.0.0
2022-11-22 15:23:46,971 [WARN] PackLoader:242 - Cannot read IP mode file for SEGGER.I-CUBE-embOS.1.2.0
2022-11-22 15:23:47,182 [WARN] PackLoader:242 - Cannot read IP mode file for STMicroelectronics.FP-ATR-ASTRA1.1.1.1
2022-11-22 15:23:47,254 [WARN] PackLoader:242 - Cannot read IP mode file for STMicroelectronics.X-CUBE-AZRTOS-G4.1.0.0
2022-11-22 15:23:47,328 [WARN] PackLoader:242 - Cannot read IP mode file for STMicroelectronics.FP-ATR-SIGFOX1.3.2.0
2022-11-22 15:23:47,379 [WARN] PackLoader:242 - Cannot read IP mode file for STMicroelectronics.X-CUBE-AZRTOS-L4.1.0.0
2022-11-22 15:23:47,411 [WARN] PackLoader:242 - Cannot read IP mode file for emotas.I-CUBE-CANOPEN.1.1.2
2022-11-22 15:23:47,427 [WARN] PackLoader:242 - Cannot read IP mode file for STMicroelectronics.X-CUBE-TOUCHGFX.4.20.0
2022-11-22 15:23:47,463 [WARN] PackLoader:242 - Cannot read IP mode file for STMicroelectronics.X-CUBE-AZRTOS-WL.1.0.0
2022-11-22 15:23:47,484 [WARN] PackLoader:242 - Cannot read IP mode file for portGmbH.I-Cube-SoM-uGOAL.1.1.0
2022-11-22 15:23:47,502 [WARN] PackLoader:242 - Cannot read IP mode file for STMicroelectronics.X-CUBE-ALS.1.0.1
2022-11-22 15:23:47,618 [WARN] PackLoader:242 - Cannot read IP mode file for STMicroelectronics.X-CUBE-AZRTOS-L5.1.0.0
2022-11-22 15:23:47,686 [WARN] PackLoader:242 - Cannot read IP mode file for STMicroelectronics.X-CUBE-EEPRMA1.3.1.1
2022-11-22 15:23:47,689 [INFO] ThirdParty:929 - Integrity check success = true
2022-11-22 15:23:47,689 [INFO] IntegrityCheckThread:98 - exiting critical section [integrity check]
2022-11-22 15:23:47,689 [INFO] IntegrityCheckThread:101 - End integrity checks thread
2022-11-22 15:23:50,325 [INFO] FileExtend:239 - Unzip File : cube-finder-db.zip
2022-11-22 15:23:50,325 [INFO] FileExtend:254 - Standard Zip Deflate
2022-11-22 15:23:51,171 [INFO] LoadUrlFilesThread:150 - End of LoadUrlFiles Thread
2022-11-22 15:23:51,852 [INFO] ServerAccessManage:474 - Download File crdb.zip
2022-11-22 15:23:52,806 [INFO] FileExtend:239 - Unzip File : crdb.zip
2022-11-22 15:23:52,806 [INFO] FileExtend:254 - Standard Zip Deflate
2022-11-22 15:23:53,031 [INFO] LoadUrlFilesThread:150 - End of LoadUrlFiles Thread
2022-11-22 15:23:53,074 [INFO] ServerAccessManage:474 - Download File tutoVideoDB.zip
2022-11-22 15:23:53,104 [INFO] FileExtend:239 - Unzip File : tutoVideoDB.zip
2022-11-22 15:23:53,104 [INFO] FileExtend:254 - Standard Zip Deflate
2022-11-22 15:23:53,229 [INFO] LoadUrlFilesThread:150 - End of LoadUrlFiles Thread
2022-11-22 15:23:53,279 [INFO] JxBrowserEngine:106 - Initiate JxBrowser Engine with user profile folder
2022-11-22 15:23:53,566 [ERROR] JxBrowserEngine:59 - Can't initiate JxBrowser engine com.teamdev.jxbrowser.engine.ChromiumBinariesExtractionException: Failed to extract Chromium binaries into C:\Users\Ponchito\.stm32cubemx\.jxbrowser\Chromium
2022-11-22 15:23:53,575 [WARN] DbFile:40 - Overriding database path with different value: C:\Users\Ponchito\.stmcufinder\plugins\mcufinder/ => C:\Users\Ponchito\.stmcufinder\plugins\mcufinder
2022-11-22 15:23:53,621 [INFO] ServerAccessManage:474 - Download File api_config.json
2022-11-22 15:23:53,766 [INFO] LoadUrlFilesThread:150 - End of LoadUrlFiles Thread
2022-11-22 15:23:53,775 [INFO] DbMcusAds:52 - JSON generation date=Thu Sep 30 01:56:37 CDT 2021 (1632984997303)
2022-11-22 15:23:53,852 [INFO] LoadUrlFilesThread:177 - End of LoadServerUrlFiles without Thread
2022-11-22 15:23:53,855 [INFO] TargetSelectorAdapter:228 - Refresh data is successful
2022-11-22 15:23:54,061 [INFO] ApiDb:576 - Connected to CubeFinder SQLite database (C:\Users\Ponchito\.stmcufinder\plugins\mcufinder\mcu\cube-finder-db.db)
2022-11-22 15:23:54,108 [INFO] ApiDb:663 - CubeFinder database Data Model version=2.1
2022-11-22 15:23:54,108 [INFO] ApiDb:664 - CubeFinder database Configuration version=3.0.32
2022-11-22 15:23:54,108 [INFO] ApiDb:665 - CubeFinder database generation date=2022-08-05 (1659688109)
2022-11-22 15:23:54,108 [INFO] ApiDb:666 - CubeFinder database FW Pack versions=[STM32Cube_FW_C0_V1.0.0, STM32Cube_FW_F4_V1.27.1, STM32Cube_FW_F7_V1.17.0, STM32Cube_FW_G0_V1.6.1, STM32Cube_FW_G4_V1.5.0, STM32Cube_FW_H7_V1.10.0, STM32Cube_FW_L5_V1.4.0, STM32Cube_FW_U5_V1.1.1, STM32Cube_FW_WB_V1.14.1, STM32Cube_FW_WL_V1.2.0, X-CUBE-ALGOBUILD_V1.3.0, X-CUBE-ALS_V1.0.1, X-CUBE-AZRTOS-F4_V1.1.0, X-CUBE-AZRTOS-F7_V1.1.0, X-CUBE-AZRTOS-G0_V1.1.0, X-CUBE-AZRTOS-G4_V1.0.0, X-CUBE-AZRTOS-H7_V2.1.0, X-CUBE-AZRTOS-L4_V1.0.0, X-CUBE-AZRTOS-L5_V1.0.0, X-CUBE-AZRTOS-WL_V1.0.0, X-CUBE-BLE1_V6.2.3, X-CUBE-BLE2_V3.3.0, X-CUBE-EEPRMA1_V3.1.1, X-CUBE-GNSS1_V6.0.0, X-CUBE-MEMS1_V9.1.0, X-CUBE-MEMS1_V9.3.0, X-CUBE-NFC4_V2.0.4, X-CUBE-NFC7_V1.0.0, X-CUBE-SFXS2LP1_V4.0.0, X-CUBE-SUBG2_V5.0.0]
2022-11-22 15:23:56,833 [INFO] ApiDb:239 - Found 138 in-development CPN: [B-WB1M-WPAN1, NUCLEO-C031C6, STEVAL-STWINBX1, STM320518-EVAL, STM32C0116-DK, STM32C011D6Y3TR, STM32C011D6Y6TR, STM32C011F4P3, STM32C011F4P6, STM32C011F4U3, STM32C011F4U6TR, STM32C011F6P3, STM32C011F6P6, STM32C011F6U3, STM32C011F6U6TR, STM32C011J4M3, STM32C011J4M6, STM32C011J6M3, STM32C011J6M6, STM32C0316-DK, STM32C031C4T3, STM32C031C4T6, STM32C031C4U3, STM32C031C4U6, STM32C031C6T3, STM32C031C6T6, STM32C031C6U3, STM32C031C6U6, STM32C031F4P3, STM32C031F4P6, STM32C031F6P3, STM32C031F6P6, STM32C031G4U3, STM32C031G4U6, STM32C031G6U3, STM32C031G6U6, STM32C031K4T3, STM32C031K4T6, STM32C031K4U3, STM32C031K4U6, STM32C031K6T3, STM32C031K6T6, STM32C031K6U3, STM32C031K6U6, STM32G071K8TXN, STM32G071K8UXN, STM32G081GBU6N, STM32G081KBT6N, STM32G081KBUXN, STM32G0B1CCT6N, STM32G0B1KCT6, STM32G0B1NEY6TR, STM32G0B1RCT6N, STM32G0C1CCT6, STM32G0C1CCT6N, STM32G0C1CCU6N, STM32G0C1CET6N, STM32G0C1CEU6N, STM32G0C1KCT6, STM32G0C1NEY6TR, STM32G0C1RCI6N, STM32G0C1RCT6N, STM32G0C1REI6N, STM32G0C1RET6N, STM32G0C1VCI6, STM32G0C1VEI6, STM32G471CCT6, STM32G471CCU6, STM32G471CET3, STM32G471CET6, STM32G471CEU3, STM32G471CEU6, STM32G471MCT6, STM32G471MET3, STM32G471MET6, STM32G471MEY6TR, STM32G471QCT6, STM32G471QET3, STM32G471RCT6, STM32G471RET3, STM32G471RET6, STM32G471VCH6, STM32G471VCI6, STM32G471VCT6, STM32G471VEH3, STM32G471VEH6, STM32G471VEI3, STM32G471VEI6, STM32G471VET3, STM32G471VET6, STM32G474CCT6, STM32L476VGY6PTR, STM32L4R5QGI6STR, STM32MP131AAE3, STM32MP131AAF3, STM32MP131AAG3, STM32MP131CAE3, STM32MP131CAF3, STM32MP131CAG3, STM32MP131DAE7, STM32MP131DAF7, STM32MP131DAG7, STM32MP131FAE7, STM32MP131FAF7, STM32MP131FAG7, STM32MP133AAE3, STM32MP133AAF3, STM32MP133AAG3, STM32MP133CAE3, STM32MP133CAF3, STM32MP133CAG3, STM32MP133DAE7, STM32MP133DAF7, STM32MP133DAG7, STM32MP133FAE7, STM32MP133FAF7, STM32MP133FAG7, STM32MP135AAE3, STM32MP135AAF3, STM32MP135AAG3, STM32MP135CAE3, STM32MP135CAF3, STM32MP135CAG3, STM32MP135DAE7, STM32MP135DAF7, STM32MP135DAG7, STM32MP135F-DK, STM32MP135FAE7, STM32MP135FAF7, STM32MP135FAG7, STM32U595ZJT6Q, STM32U599BJY6QTR, STM32U599NIH6Q, STM32U599NJH6Q, STM32U5A5ZJT6Q, STM32U5A9BJY6QTR, STM32U5A9NJH6Q, STM32WB1MMCH6]
2022-11-22 15:23:56,839 [INFO] DbMcus:215 - Found 3542 MCUs, 3542 are supported
2022-11-22 15:23:56,861 [INFO] ApiDb:418 - Load user favorites file C:\Users\Ponchito/.stm32cubeide/favorites.mcus.txt: 0 item(s)
2022-11-22 15:23:56,861 [INFO] ApiDb:422 - User favorites MCUs=[]
2022-11-22 15:23:56,861 [INFO] DbMcus:221 - Set 0 / 0 favorites MCUs
2022-11-22 15:23:56,868 [INFO] ApiDb:663 - CubeFinder database Data Model version=2.1
2022-11-22 15:23:56,869 [INFO] ApiDb:664 - CubeFinder database Configuration version=3.0.32
2022-11-22 15:23:56,869 [INFO] ApiDb:665 - CubeFinder database generation date=2022-08-05 (1659688109)
2022-11-22 15:23:56,869 [INFO] ApiDb:666 - CubeFinder database FW Pack versions=[STM32Cube_FW_C0_V1.0.0, STM32Cube_FW_F4_V1.27.1, STM32Cube_FW_F7_V1.17.0, STM32Cube_FW_G0_V1.6.1, STM32Cube_FW_G4_V1.5.0, STM32Cube_FW_H7_V1.10.0, STM32Cube_FW_L5_V1.4.0, STM32Cube_FW_U5_V1.1.1, STM32Cube_FW_WB_V1.14.1, STM32Cube_FW_WL_V1.2.0, X-CUBE-ALGOBUILD_V1.3.0, X-CUBE-ALS_V1.0.1, X-CUBE-AZRTOS-F4_V1.1.0, X-CUBE-AZRTOS-F7_V1.1.0, X-CUBE-AZRTOS-G0_V1.1.0, X-CUBE-AZRTOS-G4_V1.0.0, X-CUBE-AZRTOS-H7_V2.1.0, X-CUBE-AZRTOS-L4_V1.0.0, X-CUBE-AZRTOS-L5_V1.0.0, X-CUBE-AZRTOS-WL_V1.0.0, X-CUBE-BLE1_V6.2.3, X-CUBE-BLE2_V3.3.0, X-CUBE-EEPRMA1_V3.1.1, X-CUBE-GNSS1_V6.0.0, X-CUBE-MEMS1_V9.1.0, X-CUBE-MEMS1_V9.3.0, X-CUBE-NFC4_V2.0.4, X-CUBE-NFC7_V1.0.0, X-CUBE-SFXS2LP1_V4.0.0, X-CUBE-SUBG2_V5.0.0]
2022-11-22 15:23:56,942 [INFO] DbBoardsSqlite:227 - include board P-NUCLEO-WB55-NUCLEO as a kit item of type 'Nucleo-64'
2022-11-22 15:23:56,942 [INFO] DbBoardsSqlite:227 - include board P-NUCLEO-WB55-USBDONGLE as a kit item of type 'Nucleo USB Dongle'
2022-11-22 15:23:56,942 [INFO] DbBoardsSqlite:227 - include board STEVAL-IDP005V1 as a kit item of type 'Evaluation Board'
2022-11-22 15:23:56,942 [INFO] DbBoardsSqlite:227 - include board STEVAL-IDP005V2 as a kit item of type 'Evaluation Board'
2022-11-22 15:23:56,951 [INFO] ApiDb:239 - Found 138 in-development CPN: [B-WB1M-WPAN1, NUCLEO-C031C6, STEVAL-STWINBX1, STM320518-EVAL, STM32C0116-DK, STM32C011D6Y3TR, STM32C011D6Y6TR, STM32C011F4P3, STM32C011F4P6, STM32C011F4U3, STM32C011F4U6TR, STM32C011F6P3, STM32C011F6P6, STM32C011F6U3, STM32C011F6U6TR, STM32C011J4M3, STM32C011J4M6, STM32C011J6M3, STM32C011J6M6, STM32C0316-DK, STM32C031C4T3, STM32C031C4T6, STM32C031C4U3, STM32C031C4U6, STM32C031C6T3, STM32C031C6T6, STM32C031C6U3, STM32C031C6U6, STM32C031F4P3, STM32C031F4P6, STM32C031F6P3, STM32C031F6P6, STM32C031G4U3, STM32C031G4U6, STM32C031G6U3, STM32C031G6U6, STM32C031K4T3, STM32C031K4T6, STM32C031K4U3, STM32C031K4U6, STM32C031K6T3, STM32C031K6T6, STM32C031K6U3, STM32C031K6U6, STM32G071K8TXN, STM32G071K8UXN, STM32G081GBU6N, STM32G081KBT6N, STM32G081KBUXN, STM32G0B1CCT6N, STM32G0B1KCT6, STM32G0B1NEY6TR, STM32G0B1RCT6N, STM32G0C1CCT6, STM32G0C1CCT6N, STM32G0C1CCU6N, STM32G0C1CET6N, STM32G0C1CEU6N, STM32G0C1KCT6, STM32G0C1NEY6TR, STM32G0C1RCI6N, STM32G0C1RCT6N, STM32G0C1REI6N, STM32G0C1RET6N, STM32G0C1VCI6, STM32G0C1VEI6, STM32G471CCT6, STM32G471CCU6, STM32G471CET3, STM32G471CET6, STM32G471CEU3, STM32G471CEU6, STM32G471MCT6, STM32G471MET3, STM32G471MET6, STM32G471MEY6TR, STM32G471QCT6, STM32G471QET3, STM32G471RCT6, STM32G471RET3, STM32G471RET6, STM32G471VCH6, STM32G471VCI6, STM32G471VCT6, STM32G471VEH3, STM32G471VEH6, STM32G471VEI3, STM32G471VEI6, STM32G471VET3, STM32G471VET6, STM32G474CCT6, STM32L476VGY6PTR, STM32L4R5QGI6STR, STM32MP131AAE3, STM32MP131AAF3, STM32MP131AAG3, STM32MP131CAE3, STM32MP131CAF3, STM32MP131CAG3, STM32MP131DAE7, STM32MP131DAF7, STM32MP131DAG7, STM32MP131FAE7, STM32MP131FAF7, STM32MP131FAG7, STM32MP133AAE3, STM32MP133AAF3, STM32MP133AAG3, STM32MP133CAE3, STM32MP133CAF3, STM32MP133CAG3, STM32MP133DAE7, STM32MP133DAF7, STM32MP133DAG7, STM32MP133FAE7, STM32MP133FAF7, STM32MP133FAG7, STM32MP135AAE3, STM32MP135AAF3, STM32MP135AAG3, STM32MP135CAE3, STM32MP135CAF3, STM32MP135CAG3, STM32MP135DAE7, STM32MP135DAF7, STM32MP135DAG7, STM32MP135F-DK, STM32MP135FAE7, STM32MP135FAF7, STM32MP135FAG7, STM32U595ZJT6Q, STM32U599BJY6QTR, STM32U599NIH6Q, STM32U599NJH6Q, STM32U5A5ZJT6Q, STM32U5A9BJY6QTR, STM32U5A9NJH6Q, STM32WB1MMCH6]
2022-11-22 15:23:57,122 [INFO] BoardInfo:879 - No configuration file found for board P-NUCLEO-WB55
2022-11-22 15:23:57,122 [INFO] DbBoards:156 - Kit is not supported: P-NUCLEO-WB55
2022-11-22 15:23:57,130 [INFO] BoardInfo:879 - No configuration file found for board STEVAL-BFA001V1B
2022-11-22 15:23:57,130 [INFO] DbBoards:156 - Kit is not supported: STEVAL-BFA001V1B
2022-11-22 15:23:57,130 [INFO] BoardInfo:879 - No configuration file found for board STEVAL-BFA001V2B
2022-11-22 15:23:57,130 [INFO] DbBoards:156 - Kit is not supported: STEVAL-BFA001V2B
2022-11-22 15:23:57,308 [INFO] DbBoards:160 - Found 176 boards, 173 are supported
2022-11-22 15:23:57,317 [INFO] ApiDb:418 - Load user favorites file C:\Users\Ponchito/.stm32cubeide/favorites.boards.txt: 1 item(s)
2022-11-22 15:23:57,317 [INFO] ApiDb:422 - User favorites Boards=[NUCLEO-H745ZI-Q]
2022-11-22 15:23:57,317 [INFO] DbBoards:189 - Set 1 / 1 favorites Boards
2022-11-22 15:23:57,325 [INFO] ApiDb:663 - CubeFinder database Data Model version=2.1
2022-11-22 15:23:57,325 [INFO] ApiDb:664 - CubeFinder database Configuration version=3.0.32
2022-11-22 15:23:57,325 [INFO] ApiDb:665 - CubeFinder database generation date=2022-08-05 (1659688109)
2022-11-22 15:23:57,325 [INFO] ApiDb:666 - CubeFinder database FW Pack versions=[STM32Cube_FW_C0_V1.0.0, STM32Cube_FW_F4_V1.27.1, STM32Cube_FW_F7_V1.17.0, STM32Cube_FW_G0_V1.6.1, STM32Cube_FW_G4_V1.5.0, STM32Cube_FW_H7_V1.10.0, STM32Cube_FW_L5_V1.4.0, STM32Cube_FW_U5_V1.1.1, STM32Cube_FW_WB_V1.14.1, STM32Cube_FW_WL_V1.2.0, X-CUBE-ALGOBUILD_V1.3.0, X-CUBE-ALS_V1.0.1, X-CUBE-AZRTOS-F4_V1.1.0, X-CUBE-AZRTOS-F7_V1.1.0, X-CUBE-AZRTOS-G0_V1.1.0, X-CUBE-AZRTOS-G4_V1.0.0, X-CUBE-AZRTOS-H7_V2.1.0, X-CUBE-AZRTOS-L4_V1.0.0, X-CUBE-AZRTOS-L5_V1.0.0, X-CUBE-AZRTOS-WL_V1.0.0, X-CUBE-BLE1_V6.2.3, X-CUBE-BLE2_V3.3.0, X-CUBE-EEPRMA1_V3.1.1, X-CUBE-GNSS1_V6.0.0, X-CUBE-MEMS1_V9.1.0, X-CUBE-MEMS1_V9.3.0, X-CUBE-NFC4_V2.0.4, X-CUBE-NFC7_V1.0.0, X-CUBE-SFXS2LP1_V4.0.0, X-CUBE-SUBG2_V5.0.0]
2022-11-22 15:23:58,272 [INFO] DbExamplesSqlite:374 - Ignored 31 examples not supported by CubeIDE
2022-11-22 15:23:58,272 [INFO] DbExamplesSqlite:375 - Found 6197 examples active
2022-11-22 15:23:58,272 [INFO] DbExamplesSqlite:376 - Found 89 examples obsolete
2022-11-22 15:23:58,272 [INFO] DbExamplesSqlite:377 - Found 0 examples under development
2022-11-22 15:23:58,272 [INFO] DbExamplesSqlite:378 - Found 76 examples not building
2022-11-22 15:23:58,272 [INFO] DbExamples:124 - Found 6242 examples
2022-11-22 15:23:58,288 [INFO] DbExamples:221 - Found 77 boards with related examples
2022-11-22 15:23:58,288 [INFO] DbExamples:234 - Found 64 MCUs with related examples
2022-11-22 15:23:58,312 [INFO] ApiDb:409 - User favorites file not found: C:\Users\Ponchito/.stm32cubeide/favorites.examples.txt
2022-11-22 15:23:58,312 [INFO] DbExamples:249 - Set 0 / 0 favorites Examples
2022-11-22 15:23:58,734 [INFO] McuFinderGlobals:57 - Set McuFinderConnectedMode to true
2022-11-22 15:23:58,745 [INFO] MultiScanPanel:195 - Auto-refresh data requested => check proxy status ongoing
2022-11-22 15:23:58,748 [INFO] FinderPluginLoader:92 - Searching for filters in installed packs
2022-11-22 15:24:00,861 [INFO] LoadUrlFilesThread:177 - End of LoadServerUrlFiles without Thread
2022-11-22 15:24:00,911 [INFO] DetailPanel:339 - Set advertising image to C:/Users/Ponchito/STM32Cube/Repository/\en.Prom_NBSTM32U50921.jpg
2022-11-22 15:24:08,639 [INFO] MultiScanPanel:195 - Auto-refresh data requested => check proxy status ongoing
2022-11-22 15:24:08,778 [INFO] LoadUrlFilesThread:177 - End of LoadServerUrlFiles without Thread
2022-11-22 15:24:08,779 [INFO] DetailPanel:339 - Set advertising image to C:/Users/Ponchito/STM32Cube/Repository/\en.Prom_NBSTM32U50921.jpg
2022-11-22 15:24:08,788 [INFO] DbBoards:628 - Loading board mini-images...
2022-11-22 15:24:09,251 [ERROR] DbBoards:648 - No image file defined for board B-WB1M-WPAN1
2022-11-22 15:24:09,251 [ERROR] DbBoards:648 - No image file defined for board NUCLEO-C031C6
2022-11-22 15:24:10,866 [ERROR] DbBoards:648 - No image file defined for board STEVAL-STWINBX1
2022-11-22 15:24:10,922 [ERROR] DbBoards:648 - No image file defined for board STM32091C-EVAL
2022-11-22 15:24:10,922 [ERROR] DbBoards:648 - No image file defined for board STM32100E-EVAL
2022-11-22 15:24:10,922 [ERROR] DbBoards:648 - No image file defined for board STM3210C-EVAL
2022-11-22 15:24:10,938 [ERROR] DbBoards:648 - No image file defined for board STM3221G-EVAL
2022-11-22 15:24:10,938 [ERROR] DbBoards:648 - No image file defined for board STM32303C-EVAL
2022-11-22 15:24:11,026 [ERROR] DbBoards:648 - No image file defined for board STM32479I-EVAL
2022-11-22 15:24:11,026 [ERROR] DbBoards:648 - No image file defined for board STM32746G-EVAL2
2022-11-22 15:24:11,035 [ERROR] DbBoards:648 - No image file defined for board STM32C0116-DK
2022-11-22 15:24:11,035 [ERROR] DbBoards:648 - No image file defined for board STM32C0316-DK
2022-11-22 15:24:11,075 [ERROR] DbBoards:648 - No image file defined for board STM32F401C-DISCO
2022-11-22 15:24:11,126 [ERROR] DbBoards:648 - No image file defined for board STM32F7308-DK
2022-11-22 15:24:11,180 [ERROR] DbBoards:648 - No image file defined for board STM32F779I-EVAL
2022-11-22 15:24:11,361 [ERROR] DbBoards:648 - No image file defined for board STM32H747I-EVAL
2022-11-22 15:24:11,402 [ERROR] DbBoards:648 - No image file defined for board STM32L-DISCOVERY
2022-11-22 15:24:11,434 [ERROR] DbBoards:648 - No image file defined for board STM32L152D-EVAL
2022-11-22 15:24:11,565 [ERROR] DbBoards:648 - No image file defined for board STM32MP135F-DK
2022-11-22 15:24:11,857 [INFO] DbBoards:651 - Loaded 157 board mini-images
2022-11-22 15:25:19,527 [INFO] MainUpdater:2768 - connection check result : 10
2022-11-22 15:25:19,528 [INFO] MainUpdater:2768 - connection check result : 10
2022-11-22 15:25:19,563 [INFO] MicroXplorer:451 - Change Database Path : 
2022-11-22 15:25:19,563 [INFO] MicroXplorer:481 - Change Database Version : DB.6.0.60
2022-11-22 15:25:19,563 [WARN] ThirdParty:827 - waiting for thirdparty lock release [close project]
2022-11-22 15:25:19,563 [INFO] ThirdParty:829 - entering critical section [close project]
2022-11-22 15:25:19,566 [INFO] ThirdParty:839 - exiting critical section [close project]
2022-11-22 15:25:19,570 [INFO] PinOutPanel:1468 - setPackage(No Configuration,No Configuration)
2022-11-22 15:25:19,573 [INFO] UtilMem:74 - Begin LoadConfig() Used Memory: 588950360 Bytes (721420288)
2022-11-22 15:25:19,573 [INFO] OpenFileManager:307 - Change cursor
2022-11-22 15:25:19,630 [INFO] ProjectFactory:399 - No CPN specified for board NUCLEO-H745ZI-Q => set CPN to STM32H745ZIT3
2022-11-22 15:25:19,630 [INFO] Mcu:1922 - Initializing MCU STM32H745ZITx STM32H745ZITx STM32H745ZIT3
2022-11-22 15:25:29,134 [INFO] Context:654 - Trying to add GPIOservice into a context  which must be forbidden
2022-11-22 15:25:29,134 [INFO] Context:654 - Trying to add GPIOservice into a context  which must be forbidden
2022-11-22 15:25:33,746 [INFO] Rule:225 - rule 117617 - U5Cobra4M][GTZC] default value MPCBB3 and MPCBB5 - Not Secured memory - MPCBB1 is applicable
2022-11-22 15:25:33,746 [INFO] Rule:225 - rule 117617 - U5Cobra4M][GTZC] default value MPCBB3 and MPCBB5 - Not Secured memory - MPCBB1 is applicable
2022-11-22 15:25:33,746 [INFO] Rule:225 - rule 117617 - U5Cobra4M][GTZC] default value MPCBB3 and MPCBB5 - Not Secured memory - MPCBB2 is applicable
2022-11-22 15:25:33,746 [INFO] Rule:225 - rule 117617 - U5Cobra4M][GTZC] default value MPCBB3 and MPCBB5 - Not Secured memory - MPCBB2 is applicable
2022-11-22 15:25:33,746 [INFO] Rule:225 - rule 117617 - U5Cobra4M][GTZC] default value MPCBB3 and MPCBB5 - Not Secured memory - MPCBB3 is applicable
2022-11-22 15:25:33,746 [INFO] Rule:225 - rule 117617 - U5Cobra4M][GTZC] default value MPCBB3 and MPCBB5 - Not Secured memory - MPCBB3 is applicable
2022-11-22 15:25:33,746 [INFO] Rule:225 - rule 117617 - U5Cobra4M][GTZC] default value MPCBB3 and MPCBB5 - Not Secured memory - MPCBB4 is applicable
2022-11-22 15:25:33,746 [INFO] Rule:225 - rule 117617 - U5Cobra4M][GTZC] default value MPCBB3 and MPCBB5 - Not Secured memory - MPCBB4 is applicable
2022-11-22 15:25:33,746 [INFO] Rule:225 - rule 117617 - U5Cobra4M][GTZC] default value MPCBB3 and MPCBB5 - Secured memory - MPCBB1 is applicable
2022-11-22 15:25:33,746 [INFO] Rule:225 - rule 117617 - U5Cobra4M][GTZC] default value MPCBB3 and MPCBB5 - Secured memory - MPCBB2 is applicable
2022-11-22 15:25:33,746 [INFO] Rule:225 - rule 117617 - U5Cobra4M][GTZC] default value MPCBB3 and MPCBB5 - Secured memory - MPCBB3 is applicable
2022-11-22 15:25:33,746 [INFO] Rule:225 - rule 117617 - U5Cobra4M][GTZC] default value MPCBB3 and MPCBB5 - Secured memory - MPCBB4 is applicable
2022-11-22 15:25:33,746 [INFO] Rule:225 - rule 117617 - U5Cobra4M][GTZC] default value MPCBB3 and MPCBB5 - Privileged memory - MPCBB1 is applicable
2022-11-22 15:25:33,746 [INFO] Rule:225 - rule 117617 - U5Cobra4M][GTZC] default value MPCBB3 and MPCBB5 - Privileged memory - MPCBB2 is applicable
2022-11-22 15:25:33,746 [INFO] Rule:225 - rule 117617 - U5Cobra4M][GTZC] default value MPCBB3 and MPCBB5 - Privileged memory - MPCBB3 is applicable
2022-11-22 15:25:33,746 [INFO] Rule:225 - rule 117617 - U5Cobra4M][GTZC] default value MPCBB3 and MPCBB5 - Privileged memory - MPCBB4 is applicable
2022-11-22 15:25:33,746 [INFO] Rule:225 - rule 117617 - U5Cobra4M][GTZC] default value MPCBB3 and MPCBB5 - Not Privileged memory - MPCBB1 is applicable
2022-11-22 15:25:33,746 [INFO] Rule:225 - rule 117617 - U5Cobra4M][GTZC] default value MPCBB3 and MPCBB5 - Not Privileged memory - MPCBB2 is applicable
2022-11-22 15:25:33,746 [INFO] Rule:225 - rule 117617 - U5Cobra4M][GTZC] default value MPCBB3 and MPCBB5 - Not Privileged memory - MPCBB3 is applicable
2022-11-22 15:25:33,746 [INFO] Rule:225 - rule 117617 - U5Cobra4M][GTZC] default value MPCBB3 and MPCBB5 - Not Privileged memory - MPCBB4 is applicable
2022-11-22 15:25:33,746 [INFO] Rule:225 - rule 117617 - U5Cobra4M][GTZC] default value MPCBB3 and MPCBB5 - Privileged memory - MPCBB1 is applicable
2022-11-22 15:25:33,746 [INFO] Rule:225 - rule 117617 - U5Cobra4M][GTZC] default value MPCBB3 and MPCBB5 - Privileged memory - MPCBB2 is applicable
2022-11-22 15:25:33,746 [INFO] Rule:225 - rule 117617 - U5Cobra4M][GTZC] default value MPCBB3 and MPCBB5 - Privileged memory - MPCBB3 is applicable
2022-11-22 15:25:33,746 [INFO] Rule:225 - rule 117617 - U5Cobra4M][GTZC] default value MPCBB3 and MPCBB5 - Privileged memory - MPCBB4 is applicable
2022-11-22 15:25:33,746 [INFO] Rule:225 - rule 117617 - U5Cobra4M][GTZC] default value MPCBB3 and MPCBB5 - Privileged memory - MPCBB1 is applicable
2022-11-22 15:25:33,746 [INFO] Rule:225 - rule 117617 - U5Cobra4M][GTZC] default value MPCBB3 and MPCBB5 - Privileged memory - MPCBB2 is applicable
2022-11-22 15:25:33,746 [INFO] Rule:225 - rule 117617 - U5Cobra4M][GTZC] default value MPCBB3 and MPCBB5 - Privileged memory - MPCBB3 is applicable
2022-11-22 15:25:33,746 [INFO] Rule:225 - rule 117617 - U5Cobra4M][GTZC] default value MPCBB3 and MPCBB5 - Privileged memory - MPCBB4 is applicable
2022-11-22 15:25:33,754 [INFO] Rule:225 - rule 117617 - U5Cobra4M][GTZC] default value MPCBB3 and MPCBB5 - Not Privileged memory - MPCBB1 is applicable
2022-11-22 15:25:33,754 [INFO] Rule:225 - rule 117617 - U5Cobra4M][GTZC] default value MPCBB3 and MPCBB5 - Not Privileged memory - MPCBB2 is applicable
2022-11-22 15:25:33,754 [INFO] Rule:225 - rule 117617 - U5Cobra4M][GTZC] default value MPCBB3 and MPCBB5 - Not Privileged memory - MPCBB3 is applicable
2022-11-22 15:25:33,754 [INFO] Rule:225 - rule 117617 - U5Cobra4M][GTZC] default value MPCBB3 and MPCBB5 - Not Privileged memory - MPCBB4 is applicable
2022-11-22 15:25:33,754 [INFO] Rule:225 - rule 117617 - U5Cobra4M][GTZC] default value MPCBB3 and MPCBB5 - Privileged memory - MPCBB1 is applicable
2022-11-22 15:25:33,754 [INFO] Rule:225 - rule 117617 - U5Cobra4M][GTZC] default value MPCBB3 and MPCBB5 - Privileged memory - MPCBB2 is applicable
2022-11-22 15:25:33,754 [INFO] Rule:225 - rule 117617 - U5Cobra4M][GTZC] default value MPCBB3 and MPCBB5 - Privileged memory - MPCBB3 is applicable
2022-11-22 15:25:33,754 [INFO] Rule:225 - rule 117617 - U5Cobra4M][GTZC] default value MPCBB3 and MPCBB5 - Privileged memory - MPCBB4 is applicable
2022-11-22 15:25:33,754 [INFO] Rule:225 - rule Rename SubGHz_Phy SUBGHZ_APPLICATION SUBGHZ_PINGPONG to SUBGHZ_ADV_APPLICATION is applicable
2022-11-22 15:25:33,754 [INFO] Rule:225 - rule GTZC_S instance for project manager is applicable
2022-11-22 15:25:33,754 [INFO] Rule:225 - rule GTZC_S instance for context M33S is applicable
2022-11-22 15:25:33,754 [INFO] Rule:225 - rule GTZC_S instance value for IP GTZC is applicable
2022-11-22 15:25:33,754 [INFO] Rule:225 - rule GTZC_S instance for mcu.IP is applicable
2022-11-22 15:25:33,754 [INFO] Rule:225 - rule GTZC_S instance for VP is applicable
2022-11-22 15:25:33,754 [INFO] Rule:225 - rule GTZC_S instance for signal is applicable
2022-11-22 15:25:33,754 [INFO] Rule:225 - rule GTZC_S instance for VP is applicable
2022-11-22 15:25:33,754 [INFO] Rule:225 - rule GTZC_S instance for signal is applicable
2022-11-22 15:25:33,754 [INFO] Rule:225 - rule GTZC_S instance for mcu is applicable
2022-11-22 15:25:33,754 [INFO] Rule:225 - rule GTZC_S instance for mcu.Pin is applicable
2022-11-22 15:25:33,754 [INFO] Rule:225 - rule GTZC_S instance value for IP GTZC is applicable
2022-11-22 15:25:33,754 [INFO] Rule:225 - rule GTZC_S instance for project manager is applicable
2022-11-22 15:25:33,755 [INFO] Rule:225 - rule GTZC_S instance for context M33S is applicable
2022-11-22 15:25:33,755 [INFO] Rule:225 - rule GTZC_S instance for VP is applicable
2022-11-22 15:25:33,755 [INFO] Rule:225 - rule GTZC_S instance for signal is applicable
2022-11-22 15:25:33,755 [INFO] Rule:225 - rule Change Default Value for ADC Clock Prescaler G0 family is applicable
2022-11-22 15:25:33,755 [INFO] Rule:225 - rule Change GPIO_Pu Default Value for I2C is applicable
2022-11-22 15:25:33,755 [INFO] Rule:225 - rule Change GPIO_Pu Default Value for SMBus is applicable
2022-11-22 15:25:33,755 [INFO] Rule:225 - rule change FDCAN default value is applicable
2022-11-22 15:25:33,758 [INFO] DbConfProperties:305 - Apply Compatibility (3/56 Rules)
2022-11-22 15:25:33,844 [INFO] Context:654 - Trying to add GPIOservice into a context  which must be forbidden
2022-11-22 15:25:33,844 [INFO] Context:654 - Trying to add GPIOservice into a context  which must be forbidden
2022-11-22 15:25:34,258 [WARN] ApiManager:308 - Cannot register API 'Board Extension:GNSS1A1' from pack STMicroelectronics.X-CUBE-GNSS1.6.0.0: no header file found
2022-11-22 15:25:34,258 [WARN] ApiManager:308 - Cannot register API 'Board Support:Custom' from pack STMicroelectronics.X-CUBE-GNSS1.6.0.0: no header file found
2022-11-22 15:25:34,259 [WARN] ApiManager:308 - Cannot register API 'Data Exchange:lib_gnss' from pack STMicroelectronics.X-CUBE-GNSS1.6.0.0: no header file found
2022-11-22 15:25:34,309 [WARN] ApiManager:308 - Cannot register API 'Wireless:BlueNRG-MS' from pack STMicroelectronics.X-CUBE-BLE1.6.2.3: no header file found
2022-11-22 15:25:34,329 [INFO] RtosManager:488 - Registered RTOS mode: class=CMSIS, group=RTOS, mode=CMSIS_V1, owner=FREERTOS_M7
2022-11-22 15:25:34,331 [INFO] RtosManager:488 - Registered RTOS mode: class=CMSIS, group=RTOS2, mode=CMSIS_V2, owner=FREERTOS_M7
2022-11-22 15:25:34,331 [INFO] RtosManager:488 - Registered RTOS mode: class=RTOS, group=Core, mode=CMSIS_V1, owner=FREERTOS_M7
2022-11-22 15:25:34,331 [INFO] RtosManager:488 - Registered RTOS mode: class=RTOS, group=Core, mode=CMSIS_V2, owner=FREERTOS_M7
2022-11-22 15:25:34,333 [WARN] ModelIntegratedComponent:185 - Missing modes for component STMicroelectronics:FreeRTOS:0.0.1:STMicroelectronics:RTOS:FreeRTOS:Core:::10.2.0:
2022-11-22 15:25:34,349 [WARN] ApiManager:308 - Cannot register API 'Board Extension:S2868A1' from pack STMicroelectronics.X-CUBE-SUBG2.5.0.0: no header file found
2022-11-22 15:25:34,349 [WARN] ApiManager:308 - Cannot register API 'Board Extension:S2868A2' from pack STMicroelectronics.X-CUBE-SUBG2.5.0.0: no header file found
2022-11-22 15:25:34,349 [WARN] ApiManager:308 - Cannot register API 'Board Extension:S2915A1' from pack STMicroelectronics.X-CUBE-SUBG2.5.0.0: no header file found
2022-11-22 15:25:34,369 [WARN] ApiManager:308 - Cannot register API 'Board Extension:NFC04A1' from pack STMicroelectronics.X-CUBE-NFC4.2.0.5: no header file found
2022-11-22 15:25:34,369 [WARN] ApiManager:308 - Cannot register API 'Board Extension:NFC04A1' from pack STMicroelectronics.X-CUBE-NFC4.2.0.4: no header file found
2022-11-22 15:25:34,379 [WARN] ModelIntegratedComponent:64 - No mode defined for component null
2022-11-22 15:25:34,379 [WARN] ModelIntegratedComponent:64 - No mode defined for component null
2022-11-22 15:25:34,381 [WARN] ModelIntegratedComponent:64 - No mode defined for component null
2022-11-22 15:25:34,381 [WARN] ModelIntegratedComponent:64 - No mode defined for component null
2022-11-22 15:25:34,381 [WARN] ModelIntegratedComponent:64 - No mode defined for component null
2022-11-22 15:25:34,381 [WARN] ModelIntegratedComponent:64 - No mode defined for component null
2022-11-22 15:25:34,381 [WARN] ModelIntegratedComponent:64 - No mode defined for component null
2022-11-22 15:25:34,381 [WARN] ModelIntegratedComponent:64 - No mode defined for component null
2022-11-22 15:25:34,381 [WARN] ModelIntegratedComponent:64 - No mode defined for component null
2022-11-22 15:25:34,381 [WARN] ModelIntegratedComponent:64 - No mode defined for component null
2022-11-22 15:25:34,381 [WARN] ModelIntegratedComponent:64 - No mode defined for component null
2022-11-22 15:25:34,381 [WARN] ModelIntegratedComponent:64 - No mode defined for component null
2022-11-22 15:25:34,381 [WARN] ModelIntegratedComponent:64 - No mode defined for component null
2022-11-22 15:25:34,381 [WARN] ModelIntegratedComponent:64 - No mode defined for component null
2022-11-22 15:25:34,381 [WARN] ModelIntegratedComponent:64 - No mode defined for component null
2022-11-22 15:25:34,381 [WARN] ModelIntegratedComponent:64 - No mode defined for component null
2022-11-22 15:25:34,381 [WARN] ModelIntegratedComponent:64 - No mode defined for component null
2022-11-22 15:25:34,381 [WARN] ModelIntegratedComponent:64 - No mode defined for component null
2022-11-22 15:25:34,381 [WARN] ModelIntegratedComponent:64 - No mode defined for component null
2022-11-22 15:25:34,381 [WARN] ModelIntegratedComponent:64 - No mode defined for component null
2022-11-22 15:25:34,381 [WARN] ModelIntegratedComponent:64 - No mode defined for component null
2022-11-22 15:25:34,381 [WARN] ModelIntegratedComponent:64 - No mode defined for component null
2022-11-22 15:25:34,381 [WARN] ModelIntegratedComponent:64 - No mode defined for component null
2022-11-22 15:25:34,381 [WARN] ModelIntegratedComponent:64 - No mode defined for component null
2022-11-22 15:25:34,381 [WARN] ModelIntegratedComponent:64 - No mode defined for component null
2022-11-22 15:25:34,381 [WARN] ModelIntegratedComponent:64 - No mode defined for component null
2022-11-22 15:25:34,381 [WARN] ModelIntegratedComponent:64 - No mode defined for component null
2022-11-22 15:25:34,381 [WARN] ModelIntegratedComponent:64 - No mode defined for component null
2022-11-22 15:25:34,381 [WARN] ModelIntegratedComponent:64 - No mode defined for component null
2022-11-22 15:25:34,381 [WARN] ModelIntegratedComponent:64 - No mode defined for component null
2022-11-22 15:25:34,381 [WARN] ModelIntegratedComponent:64 - No mode defined for component null
2022-11-22 15:25:34,381 [WARN] ModelIntegratedComponent:64 - No mode defined for component null
2022-11-22 15:25:34,381 [WARN] ModelIntegratedComponent:64 - No mode defined for component null
2022-11-22 15:25:34,385 [WARN] ApiManager:308 - Cannot register API 'Board Extension:NFC07A1' from pack STMicroelectronics.X-CUBE-NFC7.1.0.0: no header file found
2022-11-22 15:25:34,611 [WARN] ApiManager:308 - Cannot register API 'Board Extension:IKS01A3' from pack STMicroelectronics.X-CUBE-MEMS1.9.3.0: no header file found
2022-11-22 15:25:34,611 [WARN] ApiManager:308 - Cannot register API 'Board Extension:IKS01A2' from pack STMicroelectronics.X-CUBE-MEMS1.9.3.0: no header file found
2022-11-22 15:25:34,611 [WARN] ApiManager:308 - Cannot register API 'Board Extension:IKS02A1' from pack STMicroelectronics.X-CUBE-MEMS1.9.3.0: no header file found
2022-11-22 15:25:34,626 [WARN] ApiManager:308 - Cannot register API 'Board Extension:EEPRMA1' from pack STMicroelectronics.X-CUBE-EEPRMA1.3.1.1: no header file found
2022-11-22 15:25:34,626 [WARN] ApiManager:308 - Cannot register API 'Board Extension:EEPRMA2' from pack STMicroelectronics.X-CUBE-EEPRMA1.3.1.1: no header file found
2022-11-22 15:25:34,627 [WARN] ApiManager:308 - Cannot register API 'Board Extension:S2868A1' from pack STMicroelectronics.X-CUBE-SFXS2LP1.4.0.0: no header file found
2022-11-22 15:25:34,627 [WARN] ApiManager:308 - Cannot register API 'Board Extension:S2868A2' from pack STMicroelectronics.X-CUBE-SFXS2LP1.4.0.0: no header file found
2022-11-22 15:25:34,627 [WARN] ApiManager:308 - Cannot register API 'Board Extension:S2915A1' from pack STMicroelectronics.X-CUBE-SFXS2LP1.4.0.0: no header file found
2022-11-22 15:25:34,627 [WARN] ApiManager:308 - Cannot register API 'Wireless:BlueNRG-2' from pack STMicroelectronics.X-CUBE-BLE2.3.3.0: no header file found
2022-11-22 15:25:34,651 [WARN] ApiManager:308 - Cannot register API 'Board Extension:GNSS1A1' from pack STMicroelectronics.X-CUBE-GNSS1.6.0.0: no header file found
2022-11-22 15:25:34,651 [WARN] ApiManager:308 - Cannot register API 'Board Support:Custom' from pack STMicroelectronics.X-CUBE-GNSS1.6.0.0: no header file found
2022-11-22 15:25:34,651 [WARN] ApiManager:308 - Cannot register API 'Data Exchange:lib_gnss' from pack STMicroelectronics.X-CUBE-GNSS1.6.0.0: no header file found
2022-11-22 15:25:34,675 [WARN] ApiManager:308 - Cannot register API 'Wireless:BlueNRG-MS' from pack STMicroelectronics.X-CUBE-BLE1.6.2.3: no header file found
2022-11-22 15:25:34,675 [INFO] RtosManager:488 - Registered RTOS mode: class=CMSIS, group=RTOS, mode=CMSIS_V1, owner=FREERTOS_M4
2022-11-22 15:25:34,675 [INFO] RtosManager:488 - Registered RTOS mode: class=CMSIS, group=RTOS2, mode=CMSIS_V2, owner=FREERTOS_M4
2022-11-22 15:25:34,683 [INFO] RtosManager:488 - Registered RTOS mode: class=RTOS, group=Core, mode=CMSIS_V1, owner=FREERTOS_M4
2022-11-22 15:25:34,683 [INFO] RtosManager:488 - Registered RTOS mode: class=RTOS, group=Core, mode=CMSIS_V2, owner=FREERTOS_M4
2022-11-22 15:25:34,683 [WARN] ModelIntegratedComponent:185 - Missing modes for component STMicroelectronics:FreeRTOS:0.0.1:STMicroelectronics:RTOS:FreeRTOS:Core:::10.2.0:
2022-11-22 15:25:34,692 [WARN] ApiManager:308 - Cannot register API 'Board Extension:S2868A1' from pack STMicroelectronics.X-CUBE-SUBG2.5.0.0: no header file found
2022-11-22 15:25:34,692 [WARN] ApiManager:308 - Cannot register API 'Board Extension:S2868A2' from pack STMicroelectronics.X-CUBE-SUBG2.5.0.0: no header file found
2022-11-22 15:25:34,692 [WARN] ApiManager:308 - Cannot register API 'Board Extension:S2915A1' from pack STMicroelectronics.X-CUBE-SUBG2.5.0.0: no header file found
2022-11-22 15:25:34,725 [WARN] ApiManager:308 - Cannot register API 'Board Extension:NFC04A1' from pack STMicroelectronics.X-CUBE-NFC4.2.0.5: no header file found
2022-11-22 15:25:34,727 [WARN] ApiManager:308 - Cannot register API 'Board Extension:NFC04A1' from pack STMicroelectronics.X-CUBE-NFC4.2.0.4: no header file found
2022-11-22 15:25:34,740 [WARN] ModelIntegratedComponent:64 - No mode defined for component null
2022-11-22 15:25:34,740 [WARN] ModelIntegratedComponent:64 - No mode defined for component null
2022-11-22 15:25:34,740 [WARN] ModelIntegratedComponent:64 - No mode defined for component null
2022-11-22 15:25:34,740 [WARN] ModelIntegratedComponent:64 - No mode defined for component null
2022-11-22 15:25:34,740 [WARN] ModelIntegratedComponent:64 - No mode defined for component null
2022-11-22 15:25:34,740 [WARN] ModelIntegratedComponent:64 - No mode defined for component null
2022-11-22 15:25:34,740 [WARN] ModelIntegratedComponent:64 - No mode defined for component null
2022-11-22 15:25:34,740 [WARN] ModelIntegratedComponent:64 - No mode defined for component null
2022-11-22 15:25:34,740 [WARN] ModelIntegratedComponent:64 - No mode defined for component null
2022-11-22 15:25:34,740 [WARN] ModelIntegratedComponent:64 - No mode defined for component null
2022-11-22 15:25:34,740 [WARN] ModelIntegratedComponent:64 - No mode defined for component null
2022-11-22 15:25:34,740 [WARN] ModelIntegratedComponent:64 - No mode defined for component null
2022-11-22 15:25:34,742 [WARN] ModelIntegratedComponent:64 - No mode defined for component null
2022-11-22 15:25:34,742 [WARN] ModelIntegratedComponent:64 - No mode defined for component null
2022-11-22 15:25:34,742 [WARN] ModelIntegratedComponent:64 - No mode defined for component null
2022-11-22 15:25:34,742 [WARN] ModelIntegratedComponent:64 - No mode defined for component null
2022-11-22 15:25:34,742 [WARN] ModelIntegratedComponent:64 - No mode defined for component null
2022-11-22 15:25:34,742 [WARN] ModelIntegratedComponent:64 - No mode defined for component null
2022-11-22 15:25:34,742 [WARN] ModelIntegratedComponent:64 - No mode defined for component null
2022-11-22 15:25:34,742 [WARN] ModelIntegratedComponent:64 - No mode defined for component null
2022-11-22 15:25:34,742 [WARN] ModelIntegratedComponent:64 - No mode defined for component null
2022-11-22 15:25:34,742 [WARN] ModelIntegratedComponent:64 - No mode defined for component null
2022-11-22 15:25:34,742 [WARN] ModelIntegratedComponent:64 - No mode defined for component null
2022-11-22 15:25:34,743 [WARN] ModelIntegratedComponent:64 - No mode defined for component null
2022-11-22 15:25:34,743 [WARN] ModelIntegratedComponent:64 - No mode defined for component null
2022-11-22 15:25:34,743 [WARN] ModelIntegratedComponent:64 - No mode defined for component null
2022-11-22 15:25:34,743 [WARN] ModelIntegratedComponent:64 - No mode defined for component null
2022-11-22 15:25:34,743 [WARN] ModelIntegratedComponent:64 - No mode defined for component null
2022-11-22 15:25:34,743 [WARN] ModelIntegratedComponent:64 - No mode defined for component null
2022-11-22 15:25:34,743 [WARN] ModelIntegratedComponent:64 - No mode defined for component null
2022-11-22 15:25:34,743 [WARN] ModelIntegratedComponent:64 - No mode defined for component null
2022-11-22 15:25:34,743 [WARN] ModelIntegratedComponent:64 - No mode defined for component null
2022-11-22 15:25:34,743 [WARN] ModelIntegratedComponent:64 - No mode defined for component null
2022-11-22 15:25:34,745 [WARN] ApiManager:308 - Cannot register API 'Board Extension:NFC07A1' from pack STMicroelectronics.X-CUBE-NFC7.1.0.0: no header file found
2022-11-22 15:25:34,897 [WARN] ApiManager:308 - Cannot register API 'Board Extension:IKS01A3' from pack STMicroelectronics.X-CUBE-MEMS1.9.3.0: no header file found
2022-11-22 15:25:34,897 [WARN] ApiManager:308 - Cannot register API 'Board Extension:IKS01A2' from pack STMicroelectronics.X-CUBE-MEMS1.9.3.0: no header file found
2022-11-22 15:25:34,897 [WARN] ApiManager:308 - Cannot register API 'Board Extension:IKS02A1' from pack STMicroelectronics.X-CUBE-MEMS1.9.3.0: no header file found
2022-11-22 15:25:34,923 [WARN] ApiManager:308 - Cannot register API 'Board Extension:EEPRMA1' from pack STMicroelectronics.X-CUBE-EEPRMA1.3.1.1: no header file found
2022-11-22 15:25:34,923 [WARN] ApiManager:308 - Cannot register API 'Board Extension:EEPRMA2' from pack STMicroelectronics.X-CUBE-EEPRMA1.3.1.1: no header file found
2022-11-22 15:25:34,930 [WARN] ApiManager:308 - Cannot register API 'Board Extension:S2868A1' from pack STMicroelectronics.X-CUBE-SFXS2LP1.4.0.0: no header file found
2022-11-22 15:25:34,930 [WARN] ApiManager:308 - Cannot register API 'Board Extension:S2868A2' from pack STMicroelectronics.X-CUBE-SFXS2LP1.4.0.0: no header file found
2022-11-22 15:25:34,930 [WARN] ApiManager:308 - Cannot register API 'Board Extension:S2915A1' from pack STMicroelectronics.X-CUBE-SFXS2LP1.4.0.0: no header file found
2022-11-22 15:25:34,930 [WARN] ApiManager:308 - Cannot register API 'Wireless:BlueNRG-2' from pack STMicroelectronics.X-CUBE-BLE2.3.3.0: no header file found
2022-11-22 15:25:34,985 [INFO] ThirdPartyModel:289 - Start build external matchings
2022-11-22 15:25:35,797 [INFO] ThirdPartyModel:302 - End build external matchings
2022-11-22 15:25:35,819 [INFO] ThirdPartyModel:289 - Start build external matchings
2022-11-22 15:25:36,544 [INFO] ThirdPartyModel:302 - End build external matchings
2022-11-22 15:25:36,567 [INFO] ImportTextPane:193 - (OptionalMessage_ERROR) IP (RCC) : Parameter (DFSDMACLkFreq_Value) has invalid value (480000000)
2022-11-22 15:25:36,583 [INFO] ImportTextPane:193 - (OptionalMessage_ERROR) IP (RCC) : Parameter (FDCANFreq_Value) has invalid value (480000000)
2022-11-22 15:25:36,583 [INFO] ImportTextPane:193 - (OptionalMessage_ERROR) IP (RCC) : Invalid parameter (FamilyName)
2022-11-22 15:25:36,583 [INFO] ImportTextPane:193 - (OptionalMessage_ERROR) IP (RCC) : Parameter (SAI1Freq_Value) has invalid value (480000000)
2022-11-22 15:25:36,583 [INFO] ImportTextPane:193 - (OptionalMessage_ERROR) IP (RCC) : Parameter (SAI23Freq_Value) has invalid value (480000000)
2022-11-22 15:25:36,583 [INFO] ImportTextPane:193 - (OptionalMessage_ERROR) IP (RCC) : Parameter (SAI4AFreq_Value) has invalid value (480000000)
2022-11-22 15:25:36,583 [INFO] ImportTextPane:193 - (OptionalMessage_ERROR) IP (RCC) : Parameter (SAI4BFreq_Value) has invalid value (480000000)
2022-11-22 15:25:36,583 [INFO] ImportTextPane:193 - (OptionalMessage_ERROR) IP (RCC) : Parameter (SDMMCFreq_Value) has invalid value (480000000)
2022-11-22 15:25:36,583 [INFO] ImportTextPane:193 - (OptionalMessage_ERROR) IP (RCC) : Parameter (SPDIFRXFreq_Value) has invalid value (480000000)
2022-11-22 15:25:36,583 [INFO] ImportTextPane:193 - (OptionalMessage_ERROR) IP (RCC) : Parameter (SPI123Freq_Value) has invalid value (480000000)
2022-11-22 15:25:36,981 [INFO] UtilMem:74 - End LoadConfig() Used Memory: 646471720 Bytes (811597824)
2022-11-22 15:25:37,012 [WARN] ThirdParty:789 - waiting for thirdparty lock release [change project]
2022-11-22 15:25:37,012 [INFO] ThirdParty:791 - entering critical section [change project]
2022-11-22 15:25:37,012 [INFO] ThirdParty:981 - CMSIS Pack Vendor :STMicroelectronics X-CUBE-ISPU 1.1.0
2022-11-22 15:25:37,012 [INFO] ThirdParty:981 - CMSIS Pack Vendor :RoweBots I-CUBE-UNISONRTOS 5.5.0-4
2022-11-22 15:25:37,012 [INFO] ThirdParty:981 - CMSIS Pack Vendor :STMicroelectronics X-CUBE-GNSS1 6.0.0
2022-11-22 15:25:37,012 [INFO] ThirdParty:981 - CMSIS Pack Vendor :STMicroelectronics X-CUBE-AZRTOS-H7 2.1.0
2022-11-22 15:25:37,012 [INFO] ThirdParty:981 - CMSIS Pack Vendor :STMicroelectronics USB_HOST 2.0.0
2022-11-22 15:25:37,012 [INFO] ThirdParty:981 - CMSIS Pack Vendor :STMicroelectronics X-CUBE-AZRTOS-F4 1.1.0
2022-11-22 15:25:37,012 [INFO] ThirdParty:981 - CMSIS Pack Vendor :STMicroelectronics LIBJPEG 8.0.0
2022-11-22 15:25:37,012 [INFO] ThirdParty:981 - CMSIS Pack Vendor :STMicroelectronics USB_DEVICE 3.0.0
2022-11-22 15:25:37,012 [INFO] ThirdParty:981 - CMSIS Pack Vendor :STMicroelectronics X-CUBE-BLEMGR 1.0.0
2022-11-22 15:25:37,012 [INFO] ThirdParty:981 - CMSIS Pack Vendor :STMicroelectronics X-CUBE-BLEMGR 1.2.0
2022-11-22 15:25:37,012 [INFO] ThirdParty:981 - CMSIS Pack Vendor :STMicroelectronics X-CUBE-AZRTOS-F7 1.1.0
2022-11-22 15:25:37,012 [INFO] ThirdParty:981 - CMSIS Pack Vendor :STMicroelectronics USB_DEVICE 2.0.0
2022-11-22 15:25:37,012 [INFO] ThirdParty:981 - CMSIS Pack Vendor :STMicroelectronics X-CUBE-AI 7.3.0
2022-11-22 15:25:37,012 [INFO] ThirdParty:981 - CMSIS Pack Vendor :STMicroelectronics X-CUBE-BLE1 6.2.3
2022-11-22 15:25:37,012 [INFO] ThirdParty:981 - CMSIS Pack Vendor :STMicroelectronics X-CUBE-ALGOBUILD 1.3.0
2022-11-22 15:25:37,012 [INFO] ThirdParty:981 - CMSIS Pack Vendor :STMicroelectronics FreeRTOS 0.0.1
2022-11-22 15:25:37,012 [INFO] ThirdParty:981 - CMSIS Pack Vendor :STMicroelectronics X-CUBE-AZRTOS-G0 1.1.0
2022-11-22 15:25:37,012 [INFO] ThirdParty:981 - CMSIS Pack Vendor :STMicroelectronics X-CUBE-SUBG2 5.0.0
2022-11-22 15:25:37,012 [INFO] ThirdParty:981 - CMSIS Pack Vendor :SEGGER I-CUBE-embOS 1.2.0
2022-11-22 15:25:37,012 [INFO] ThirdParty:981 - CMSIS Pack Vendor :STMicroelectronics STM32_WPAN 1.0.0
2022-11-22 15:25:37,012 [INFO] ThirdParty:981 - CMSIS Pack Vendor :STMicroelectronics lwIP 2.0.3
2022-11-22 15:25:37,012 [INFO] ThirdParty:981 - CMSIS Pack Vendor :STMicroelectronics X-CUBE-NFC4 2.0.5
2022-11-22 15:25:37,012 [INFO] ThirdParty:981 - CMSIS Pack Vendor :STMicroelectronics X-CUBE-NFC4 2.0.4
2022-11-22 15:25:37,012 [INFO] ThirdParty:981 - CMSIS Pack Vendor :STMicroelectronics USB_HOST 1.0.0
2022-11-22 15:25:37,012 [INFO] ThirdParty:981 - CMSIS Pack Vendor :STMicroelectronics PDM2PCM 3.1.0
2022-11-22 15:25:37,012 [INFO] ThirdParty:981 - CMSIS Pack Vendor :STMicroelectronics FP-ATR-ASTRA1 1.1.1
2022-11-22 15:25:37,012 [INFO] ThirdParty:981 - CMSIS Pack Vendor :STMicroelectronics PDM2PCM 3.3.0
2022-11-22 15:25:37,012 [INFO] ThirdParty:981 - CMSIS Pack Vendor :STMicroelectronics X-CUBE-TOF1 3.1.0
2022-11-22 15:25:37,012 [INFO] ThirdParty:981 - CMSIS Pack Vendor :STMicroelectronics X-CUBE-AZRTOS-G4 1.0.0
2022-11-22 15:25:37,012 [INFO] ThirdParty:981 - CMSIS Pack Vendor :STMicroelectronics FP-ATR-SIGFOX1 3.2.0
2022-11-22 15:25:37,012 [INFO] ThirdParty:981 - CMSIS Pack Vendor :STMicroelectronics X-CUBE-AZRTOS-L4 1.0.0
2022-11-22 15:25:37,012 [INFO] ThirdParty:981 - CMSIS Pack Vendor :wolfSSL I-CUBE-wolfSSL 5.5.0
2022-11-22 15:25:37,019 [INFO] ThirdParty:981 - CMSIS Pack Vendor :STMicroelectronics HAL Drivers 0.0.0
2022-11-22 15:25:37,019 [INFO] ThirdParty:981 - CMSIS Pack Vendor :STMicroelectronics MBEDTLS 2.16.2
2022-11-22 15:25:37,019 [INFO] ThirdParty:981 - CMSIS Pack Vendor :emotas I-CUBE-CANOPEN 1.1.2
2022-11-22 15:25:37,019 [INFO] ThirdParty:981 - CMSIS Pack Vendor :STMicroelectronics X-CUBE-TOUCHGFX 4.20.0
2022-11-22 15:25:37,019 [INFO] ThirdParty:981 - CMSIS Pack Vendor :STMicroelectronics MBEDTLS 2.14.1
2022-11-22 15:25:37,019 [INFO] ThirdParty:981 - CMSIS Pack Vendor :STMicroelectronics X-CUBE-NFC7 1.0.0
2022-11-22 15:25:37,019 [INFO] ThirdParty:981 - CMSIS Pack Vendor :STMicroelectronics X-CUBE-AZRTOS-WL 1.0.0
2022-11-22 15:25:37,019 [INFO] ThirdParty:981 - CMSIS Pack Vendor :STMicroelectronics X-CUBE-MEMS1 9.3.0
2022-11-22 15:25:37,019 [INFO] ThirdParty:981 - CMSIS Pack Vendor :portGmbH I-Cube-SoM-uGOAL 1.1.0
2022-11-22 15:25:37,019 [INFO] ThirdParty:981 - CMSIS Pack Vendor :STMicroelectronics X-CUBE-ALS 1.0.1
2022-11-22 15:25:37,019 [INFO] ThirdParty:981 - CMSIS Pack Vendor :STMicroelectronics X-CUBE-AI 7.2.0
2022-11-22 15:25:37,019 [INFO] ThirdParty:981 - CMSIS Pack Vendor :STMicroelectronics ThreadX 1.0.0
2022-11-22 15:25:37,019 [INFO] ThirdParty:981 - CMSIS Pack Vendor :STMicroelectronics X-CUBE-AZRTOS-L5 1.0.0
2022-11-22 15:25:37,019 [INFO] ThirdParty:981 - CMSIS Pack Vendor :STMicroelectronics USB_DEVICE 1.0.0
2022-11-22 15:25:37,019 [INFO] ThirdParty:981 - CMSIS Pack Vendor :STMicroelectronics X-CUBE-EEPRMA1 3.1.1
2022-11-22 15:25:37,019 [INFO] ThirdParty:981 - CMSIS Pack Vendor :STMicroelectronics ThreadX 0.0.2
2022-11-22 15:25:37,019 [INFO] ThirdParty:981 - CMSIS Pack Vendor :STMicroelectronics lwIP 2.1.2
2022-11-22 15:25:37,019 [INFO] ThirdParty:981 - CMSIS Pack Vendor :STMicroelectronics X-CUBE-SFXS2LP1 4.0.0
2022-11-22 15:25:37,019 [INFO] ThirdParty:981 - CMSIS Pack Vendor :STMicroelectronics X-CUBE-BLE2 3.3.0
2022-11-22 15:25:37,019 [INFO] ThirdParty:981 - CMSIS Pack Vendor :STMicroelectronics X-CUBE-DISPLAY 2.2.0
2022-11-22 15:25:37,019 [INFO] ThirdParty:981 - CMSIS Pack Vendor :STMicroelectronics X-CUBE-TOF1 3.2.0
2022-11-22 15:25:37,019 [INFO] ThirdParty:981 - CMSIS Pack Vendor :STMicroelectronics PDM2PCM 3.2.0
2022-11-22 15:25:37,019 [INFO] ThirdParty:981 - CMSIS Pack Vendor :STMicroelectronics X-CUBE-ISPU 1.0.0
2022-11-22 15:25:37,019 [INFO] ThirdParty:797 - exiting critical section [change project]
2022-11-22 15:25:38,689 [INFO] PinOutPanel:1468 - setPackage(No Configuration,No Configuration)
2022-11-22 15:25:38,698 [INFO] PinOutPanel:1468 - setPackage(STM32H745ZITx,LQFP144)
2022-11-22 15:25:40,988 [INFO] UtilMem:74 - Before build in PCC Used Memory: 711769512 Bytes (811597824)
2022-11-22 15:25:43,439 [INFO] UtilMem:74 - After build in PCC Used Memory: 690131304 Bytes (811597824)
2022-11-22 15:25:43,563 [INFO] IPUIPlugin:79 - create IPUIPlugin
2022-11-22 15:25:43,563 [INFO] IPUIPlugin:79 - create IPUIPlugin
2022-11-22 15:25:43,563 [INFO] IPUIPlugin:79 - create IPUIPlugin
2022-11-22 15:25:43,563 [INFO] IPUIPlugin:79 - create IPUIPlugin
2022-11-22 15:25:43,563 [INFO] IPUIPlugin:79 - create IPUIPlugin
2022-11-22 15:25:43,563 [INFO] IPUIPlugin:79 - create IPUIPlugin
2022-11-22 15:25:43,563 [INFO] IPUIPlugin:79 - create IPUIPlugin
2022-11-22 15:25:43,563 [INFO] IPUIPlugin:79 - create IPUIPlugin
2022-11-22 15:25:43,563 [INFO] IPUIPlugin:79 - create IPUIPlugin
2022-11-22 15:25:43,563 [INFO] IPUIPlugin:79 - create IPUIPlugin
2022-11-22 15:25:43,571 [INFO] IPUIPlugin:79 - create IPUIPlugin
2022-11-22 15:25:43,571 [INFO] IPUIPlugin:79 - create IPUIPlugin
2022-11-22 15:25:43,571 [INFO] IPUIPlugin:79 - create IPUIPlugin
2022-11-22 15:25:43,571 [INFO] IPUIPlugin:79 - create IPUIPlugin
2022-11-22 15:25:43,571 [INFO] IPUIPlugin:79 - create IPUIPlugin
2022-11-22 15:25:43,571 [INFO] IPUIPlugin:79 - create IPUIPlugin
2022-11-22 15:25:43,571 [INFO] IPUIPlugin:79 - create IPUIPlugin
2022-11-22 15:25:43,571 [INFO] IPUIPlugin:79 - create IPUIPlugin
2022-11-22 15:25:43,571 [INFO] IPUIPlugin:79 - create IPUIPlugin
2022-11-22 15:25:43,571 [INFO] IPUIPlugin:79 - create IPUIPlugin
2022-11-22 15:25:43,571 [INFO] IPUIPlugin:79 - create IPUIPlugin
2022-11-22 15:25:43,571 [INFO] IPUIPlugin:79 - create IPUIPlugin
2022-11-22 15:25:43,571 [INFO] IPUIPlugin:79 - create IPUIPlugin
2022-11-22 15:25:43,571 [INFO] IPUIPlugin:79 - create IPUIPlugin
2022-11-22 15:25:43,571 [INFO] IPUIPlugin:79 - create IPUIPlugin
2022-11-22 15:25:43,571 [INFO] IPUIPlugin:79 - create IPUIPlugin
2022-11-22 15:25:43,579 [INFO] IPUIPlugin:79 - create IPUIPlugin
2022-11-22 15:25:43,579 [INFO] IPUIPlugin:79 - create IPUIPlugin
2022-11-22 15:25:43,579 [INFO] IPUIPlugin:79 - create IPUIPlugin
2022-11-22 15:25:43,579 [INFO] IPUIPlugin:79 - create IPUIPlugin
2022-11-22 15:25:43,579 [INFO] IPUIPlugin:79 - create IPUIPlugin
2022-11-22 15:25:43,579 [INFO] IPUIPlugin:79 - create IPUIPlugin
2022-11-22 15:25:43,579 [INFO] IPUIPlugin:79 - create IPUIPlugin
2022-11-22 15:25:43,579 [INFO] IPUIPlugin:79 - create IPUIPlugin
2022-11-22 15:25:43,579 [INFO] IPUIPlugin:79 - create IPUIPlugin
2022-11-22 15:25:43,579 [INFO] IPUIPlugin:79 - create IPUIPlugin
2022-11-22 15:25:43,579 [INFO] IPUIPlugin:79 - create IPUIPlugin
2022-11-22 15:25:43,579 [INFO] IPUIPlugin:79 - create IPUIPlugin
2022-11-22 15:25:43,579 [INFO] IPUIPlugin:79 - create IPUIPlugin
2022-11-22 15:25:43,587 [INFO] IPUIPlugin:79 - create IPUIPlugin
2022-11-22 15:25:43,587 [INFO] IPUIPlugin:79 - create IPUIPlugin
2022-11-22 15:25:43,587 [INFO] IPUIPlugin:79 - create IPUIPlugin
2022-11-22 15:25:43,587 [INFO] IPUIPlugin:79 - create IPUIPlugin
2022-11-22 15:25:43,587 [INFO] IPUIPlugin:79 - create IPUIPlugin
2022-11-22 15:25:43,587 [INFO] IPUIPlugin:79 - create IPUIPlugin
2022-11-22 15:25:43,587 [INFO] IPUIPlugin:79 - create IPUIPlugin
2022-11-22 15:25:43,587 [INFO] IPUIPlugin:79 - create IPUIPlugin
2022-11-22 15:25:43,587 [INFO] IPUIPlugin:79 - create IPUIPlugin
2022-11-22 15:25:43,587 [INFO] IPUIPlugin:79 - create IPUIPlugin
2022-11-22 15:25:43,587 [INFO] IPUIPlugin:79 - create IPUIPlugin
2022-11-22 15:25:43,587 [INFO] IPUIPlugin:79 - create IPUIPlugin
2022-11-22 15:25:43,587 [INFO] IPUIPlugin:79 - create IPUIPlugin
2022-11-22 15:25:43,595 [INFO] IPUIPlugin:79 - create IPUIPlugin
2022-11-22 15:25:43,595 [INFO] IPUIPlugin:79 - create IPUIPlugin
2022-11-22 15:25:43,595 [INFO] IPUIPlugin:79 - create IPUIPlugin
2022-11-22 15:25:43,595 [INFO] IPUIPlugin:79 - create IPUIPlugin
2022-11-22 15:25:43,595 [INFO] IPUIPlugin:79 - create IPUIPlugin
2022-11-22 15:25:43,595 [INFO] IPUIPlugin:79 - create IPUIPlugin
2022-11-22 15:25:43,595 [INFO] IPUIPlugin:79 - create IPUIPlugin
2022-11-22 15:25:43,595 [INFO] IPUIPlugin:79 - create IPUIPlugin
2022-11-22 15:25:43,595 [INFO] IPUIPlugin:79 - create IPUIPlugin
2022-11-22 15:25:43,595 [INFO] IPUIPlugin:79 - create IPUIPlugin
2022-11-22 15:25:43,595 [INFO] IPUIPlugin:79 - create IPUIPlugin
2022-11-22 15:25:43,595 [INFO] IPUIPlugin:79 - create IPUIPlugin
2022-11-22 15:25:43,595 [INFO] IPUIPlugin:79 - create IPUIPlugin
2022-11-22 15:25:43,595 [INFO] IPUIPlugin:79 - create IPUIPlugin
2022-11-22 15:25:43,603 [INFO] IPUIPlugin:79 - create IPUIPlugin
2022-11-22 15:25:43,603 [INFO] IPUIPlugin:79 - create IPUIPlugin
2022-11-22 15:25:43,603 [INFO] IPUIPlugin:79 - create IPUIPlugin
2022-11-22 15:25:43,603 [INFO] IPUIPlugin:79 - create IPUIPlugin
2022-11-22 15:25:43,603 [INFO] IPUIPlugin:79 - create IPUIPlugin
2022-11-22 15:25:43,603 [INFO] IPUIPlugin:79 - create IPUIPlugin
2022-11-22 15:25:43,611 [INFO] IPUIPlugin:79 - create IPUIPlugin
2022-11-22 15:25:43,615 [INFO] IPUIPlugin:79 - create IPUIPlugin
2022-11-22 15:25:43,615 [INFO] IPUIPlugin:79 - create IPUIPlugin
2022-11-22 15:25:43,615 [INFO] IPUIPlugin:79 - create IPUIPlugin
2022-11-22 15:25:43,615 [INFO] IPUIPlugin:79 - create IPUIPlugin
2022-11-22 15:25:43,615 [INFO] IPUIPlugin:79 - create IPUIPlugin
2022-11-22 15:25:43,618 [INFO] IPUIPlugin:79 - create IPUIPlugin
2022-11-22 15:25:43,618 [INFO] IPUIPlugin:79 - create IPUIPlugin
2022-11-22 15:25:43,618 [INFO] IPUIPlugin:79 - create IPUIPlugin
2022-11-22 15:25:43,618 [INFO] IPUIPlugin:79 - create IPUIPlugin
2022-11-22 15:25:43,619 [INFO] IPUIPlugin:79 - create IPUIPlugin
2022-11-22 15:25:43,619 [INFO] IPUIPlugin:79 - create IPUIPlugin
2022-11-22 15:25:43,620 [INFO] IPUIPlugin:79 - create IPUIPlugin
2022-11-22 15:25:43,620 [INFO] IPUIPlugin:79 - create IPUIPlugin
2022-11-22 15:25:43,620 [INFO] IPUIPlugin:79 - create IPUIPlugin
2022-11-22 15:25:43,620 [INFO] IPUIPlugin:79 - create IPUIPlugin
2022-11-22 15:25:43,620 [INFO] IPUIPlugin:79 - create IPUIPlugin
2022-11-22 15:25:43,620 [INFO] IPUIPlugin:79 - create IPUIPlugin
2022-11-22 15:25:43,620 [INFO] IPUIPlugin:79 - create IPUIPlugin
2022-11-22 15:25:43,620 [INFO] IPUIPlugin:79 - create IPUIPlugin
2022-11-22 15:25:43,620 [INFO] IPUIPlugin:79 - create IPUIPlugin
2022-11-22 15:25:43,620 [INFO] IPUIPlugin:79 - create IPUIPlugin
2022-11-22 15:25:43,620 [INFO] IPUIPlugin:79 - create IPUIPlugin
2022-11-22 15:25:43,620 [INFO] IPUIPlugin:79 - create IPUIPlugin
2022-11-22 15:25:43,620 [INFO] IPUIPlugin:79 - create IPUIPlugin
2022-11-22 15:25:43,620 [INFO] IPUIPlugin:79 - create IPUIPlugin
2022-11-22 15:25:43,620 [INFO] IPUIPlugin:79 - create IPUIPlugin
2022-11-22 15:25:43,620 [INFO] IPUIPlugin:79 - create IPUIPlugin
2022-11-22 15:25:43,620 [INFO] IPUIPlugin:79 - create IPUIPlugin
2022-11-22 15:25:43,620 [INFO] IPUIPlugin:79 - create IPUIPlugin
2022-11-22 15:25:43,628 [INFO] IPUIPlugin:79 - create IPUIPlugin
2022-11-22 15:25:43,628 [INFO] IPUIPlugin:79 - create IPUIPlugin
2022-11-22 15:25:43,628 [INFO] IPUIPlugin:79 - create IPUIPlugin
2022-11-22 15:25:43,628 [INFO] IPUIPlugin:79 - create IPUIPlugin
2022-11-22 15:25:43,628 [INFO] IPUIPlugin:79 - create IPUIPlugin
2022-11-22 15:25:43,628 [INFO] IPUIPlugin:79 - create IPUIPlugin
2022-11-22 15:25:43,628 [INFO] IPUIPlugin:79 - create IPUIPlugin
2022-11-22 15:25:43,628 [INFO] IPUIPlugin:79 - create IPUIPlugin
2022-11-22 15:25:43,806 [INFO] ApiDbMcu:505 - Load IP Config File for PDM2PCM
2022-11-22 15:25:43,814 [INFO] ApiDbMcu:505 - Load IP Config File for PDM2PCM
2022-11-22 15:25:44,253 [INFO] OpenFileManager:327 - Restore cursor
2022-11-22 15:25:46,473 [INFO] UtilMem:74 - End SaveConfig() Used Memory: 698886208 Bytes (811597824)
2022-11-22 15:25:46,574 [INFO] UtilMem:74 - End SaveConfig() Used Memory: 717760576 Bytes (811597824)
2022-11-22 15:25:47,753 [INFO] BlockDiagram:2753 - set Specific Code input for plugin: RCC
2022-11-22 15:25:47,753 [INFO] BlockDiagram:2753 - set Specific Code input for plugin: USART
2022-11-22 15:25:47,753 [INFO] BlockDiagram:2753 - set Specific Code input for plugin: ETH
2022-11-22 15:25:47,753 [INFO] BlockDiagram:2753 - set Specific Code input for plugin: SYS
2022-11-22 15:25:47,754 [INFO] BlockDiagram:2753 - set Specific Code input for plugin: USB_OTG_FS
2022-11-22 15:25:47,754 [INFO] BlockDiagram:2753 - set Specific Code input for plugin: NVIC2
2022-11-22 15:25:47,755 [INFO] BlockDiagram:2753 - set Specific Code input for plugin: GPIO
2022-11-22 15:25:47,755 [INFO] BlockDiagram:2753 - set Specific Code input for plugin: SYS_M4
2022-11-22 15:25:47,756 [INFO] BlockDiagram:2753 - set Specific Code input for plugin: NVIC1
2022-11-22 15:25:47,757 [INFO] CodeGenerator:690 - code generatio: config db path: C:\ST\STM32CubeIDE_1.10.1\STM32CubeIDE\plugins\com.st.stm32cube.common.mx_6.6.1.202207061420\\db\
2022-11-22 15:25:48,894 [INFO] CodeEngine:245 - oldGeneratedFile, C:\Users\Ponchito\Desktop\Multinucleo\Multi\MXTmpFiles\license.tmp_save
2022-11-22 15:25:49,781 [INFO] CodeEngine:269 - Generated code: C:\Users\Ponchito\Desktop\Multinucleo\Multi\MXTmpFiles\license.tmp
2022-11-22 15:25:50,232 [INFO] CodeEngine:245 - oldGeneratedFile, C:\Users\Ponchito\Desktop\Multinucleo\Multi\CM7\MXTmpFiles\gpio.tmp_save
2022-11-22 15:25:50,554 [INFO] CodeEngine:269 - Generated code: C:\Users\Ponchito\Desktop\Multinucleo\Multi\CM7\MXTmpFiles\gpio.tmp
2022-11-22 15:25:51,194 [WARN] IPConfigManager:94 - WARNING: Missing Config File for NVIC1 ip!!
2022-11-22 15:25:52,322 [INFO] CodeEngine:245 - oldGeneratedFile, C:\Users\Ponchito\Desktop\Multinucleo\Multi\CM7\MXTmpFiles\cortex.tmp_save
2022-11-22 15:25:52,586 [INFO] CodeEngine:269 - Generated code: C:\Users\Ponchito\Desktop\Multinucleo\Multi\CM7\MXTmpFiles\cortex.tmp
2022-11-22 15:25:52,715 [INFO] CodeEngine:245 - oldGeneratedFile, C:\Users\Ponchito\Desktop\Multinucleo\Multi\CM7\Core\Src\stm32h7xx_it.c_save
2022-11-22 15:25:52,990 [INFO] CodeEngine:269 - Generated code: C:\Users\Ponchito\Desktop\Multinucleo\Multi\CM7\Core\Src\stm32h7xx_it.c
2022-11-22 15:25:53,059 [INFO] CodeEngine:245 - oldGeneratedFile, C:\Users\Ponchito\Desktop\Multinucleo\Multi\CM7\Core\Inc\stm32h7xx_it.h_save
2022-11-22 15:25:53,249 [INFO] CodeEngine:269 - Generated code: C:\Users\Ponchito\Desktop\Multinucleo\Multi\CM7\Core\Inc\stm32h7xx_it.h
2022-11-22 15:25:53,630 [INFO] CodeEngine:245 - oldGeneratedFile, C:\Users\Ponchito\Desktop\Multinucleo\Multi\CM7\Core\Src\stm32h7xx_hal_msp.c_save
2022-11-22 15:25:53,892 [INFO] CodeEngine:269 - Generated code: C:\Users\Ponchito\Desktop\Multinucleo\Multi\CM7\Core\Src\stm32h7xx_hal_msp.c
2022-11-22 15:25:53,964 [INFO] CodeEngine:245 - oldGeneratedFile, C:\Users\Ponchito\Desktop\Multinucleo\Multi\CM7\MXTmpFiles\system.tmp_save
2022-11-22 15:25:54,149 [INFO] CodeEngine:269 - Generated code: C:\Users\Ponchito\Desktop\Multinucleo\Multi\CM7\MXTmpFiles\system.tmp
2022-11-22 15:25:54,231 [INFO] CodeEngine:245 - oldGeneratedFile, C:\Users\Ponchito\Desktop\Multinucleo\Multi\CM7\Core\Inc\stm32h7xx_hal_conf.h_save
2022-11-22 15:25:54,518 [INFO] CodeEngine:269 - Generated code: C:\Users\Ponchito\Desktop\Multinucleo\Multi\CM7\Core\Inc\stm32h7xx_hal_conf.h
2022-11-22 15:25:54,690 [WARN] IPConfigManager:3348 - IP not found : NVIC
2022-11-22 15:25:54,690 [WARN] IPConfigManager:3348 - IP not found : USB_OTG
2022-11-22 15:25:54,737 [WARN] CodeGenerator:3567 - IP not found : null
2022-11-22 15:25:54,737 [WARN] CodeGenerator:3567 - IP not found : null
2022-11-22 15:25:54,818 [INFO] CodeEngine:245 - oldGeneratedFile, C:\Users\Ponchito\Desktop\Multinucleo\Multi\CM7\Core\Inc\main.h_save
2022-11-22 15:25:55,072 [INFO] CodeEngine:269 - Generated code: C:\Users\Ponchito\Desktop\Multinucleo\Multi\CM7\Core\Inc\main.h
2022-11-22 15:25:55,086 [INFO] CodeEngine:245 - oldGeneratedFile, C:\Users\Ponchito\Desktop\Multinucleo\Multi\CM7\Core\Src\main.c_save
2022-11-22 15:25:55,613 [INFO] CodeEngine:269 - Generated code: C:\Users\Ponchito\Desktop\Multinucleo\Multi\CM7\Core\Src\main.c
2022-11-22 15:25:56,498 [INFO] CodeEngine:245 - oldGeneratedFile, C:\Users\Ponchito\Desktop\Multinucleo\Multi\MXTmpFiles\license.tmp_save
2022-11-22 15:25:56,709 [INFO] CodeEngine:269 - Generated code: C:\Users\Ponchito\Desktop\Multinucleo\Multi\MXTmpFiles\license.tmp
2022-11-22 15:25:56,839 [WARN] IPConfigManager:94 - WARNING: Missing Config File for NVIC2 ip!!
2022-11-22 15:25:56,897 [INFO] CodeEngine:245 - oldGeneratedFile, C:\Users\Ponchito\Desktop\Multinucleo\Multi\CM4\MXTmpFiles\cortex.tmp_save
2022-11-22 15:25:57,111 [INFO] CodeEngine:269 - Generated code: C:\Users\Ponchito\Desktop\Multinucleo\Multi\CM4\MXTmpFiles\cortex.tmp
2022-11-22 15:25:57,219 [INFO] CodeEngine:245 - oldGeneratedFile, C:\Users\Ponchito\Desktop\Multinucleo\Multi\CM4\Core\Src\stm32h7xx_it.c_save
2022-11-22 15:25:57,498 [INFO] CodeEngine:269 - Generated code: C:\Users\Ponchito\Desktop\Multinucleo\Multi\CM4\Core\Src\stm32h7xx_it.c
2022-11-22 15:25:57,502 [INFO] CodeEngine:245 - oldGeneratedFile, C:\Users\Ponchito\Desktop\Multinucleo\Multi\CM4\Core\Inc\stm32h7xx_it.h_save
2022-11-22 15:25:57,695 [INFO] CodeEngine:269 - Generated code: C:\Users\Ponchito\Desktop\Multinucleo\Multi\CM4\Core\Inc\stm32h7xx_it.h
2022-11-22 15:25:57,746 [INFO] CodeEngine:245 - oldGeneratedFile, C:\Users\Ponchito\Desktop\Multinucleo\Multi\CM4\Core\Src\stm32h7xx_hal_msp.c_save
2022-11-22 15:25:58,015 [INFO] CodeEngine:269 - Generated code: C:\Users\Ponchito\Desktop\Multinucleo\Multi\CM4\Core\Src\stm32h7xx_hal_msp.c
2022-11-22 15:25:58,020 [INFO] CodeEngine:245 - oldGeneratedFile, C:\Users\Ponchito\Desktop\Multinucleo\Multi\CM4\MXTmpFiles\system.tmp_save
2022-11-22 15:25:58,176 [INFO] CodeEngine:269 - Generated code: C:\Users\Ponchito\Desktop\Multinucleo\Multi\CM4\MXTmpFiles\system.tmp
2022-11-22 15:25:58,189 [INFO] CodeEngine:245 - oldGeneratedFile, C:\Users\Ponchito\Desktop\Multinucleo\Multi\CM4\Core\Inc\stm32h7xx_hal_conf.h_save
2022-11-22 15:25:58,418 [INFO] CodeEngine:269 - Generated code: C:\Users\Ponchito\Desktop\Multinucleo\Multi\CM4\Core\Inc\stm32h7xx_hal_conf.h
2022-11-22 15:25:58,485 [WARN] IPConfigManager:3348 - IP not found : NVIC
2022-11-22 15:25:58,493 [WARN] CodeGenerator:3567 - IP not found : null
2022-11-22 15:25:58,510 [INFO] CodeEngine:245 - oldGeneratedFile, C:\Users\Ponchito\Desktop\Multinucleo\Multi\CM4\Core\Inc\main.h_save
2022-11-22 15:25:58,690 [INFO] CodeEngine:269 - Generated code: C:\Users\Ponchito\Desktop\Multinucleo\Multi\CM4\Core\Inc\main.h
2022-11-22 15:25:58,698 [INFO] CodeEngine:245 - oldGeneratedFile, C:\Users\Ponchito\Desktop\Multinucleo\Multi\CM4\Core\Src\main.c_save
2022-11-22 15:25:58,936 [INFO] CodeEngine:269 - Generated code: C:\Users\Ponchito\Desktop\Multinucleo\Multi\CM4\Core\Src\main.c
2022-11-22 15:26:01,390 [INFO] ProjectBuilder:2919 - Time for Copy HAL[1] : 911mS.
2022-11-22 15:26:01,419 [INFO] ProjectBuilder:4117 - Project Generator version: 3.17.1
2022-11-22 15:26:02,182 [INFO] ConfigFileManager:1394 - The Die is : DIE450
2022-11-22 15:26:21,932 [INFO] ProjectBuilder:4285 - Time for Generating toolchain IDE Files: 20513mS.
2022-11-22 15:26:21,936 [INFO] ProjectBuilder:2790 - Time for Copy CMSIS : 0mS.
2022-11-22 15:26:21,936 [INFO] ProjectBuilder:2790 - Time for Copy CMSIS : 0mS.
2022-11-22 15:26:23,085 [INFO] McuFinderGlobals:57 - Set McuFinderConnectedMode to true
2022-11-22 15:26:23,091 [INFO] ApiDb:443 - Save user favorites file C:\Users\Ponchito/.stm32cubeide/favorites.mcus.txt: 0 item(s)
2022-11-22 15:26:23,091 [INFO] ApiDb:447 - User favorites MCUs=[]
2022-11-22 15:26:23,091 [INFO] ApiDb:443 - Save user favorites file C:\Users\Ponchito/.stm32cubeide/favorites.boards.txt: 1 item(s)
2022-11-22 15:26:23,091 [INFO] ApiDb:447 - User favorites Boards=[NUCLEO-H745ZI-Q]
2022-11-22 15:26:50,254 [INFO] Gpio:272 - dependency for GPIO [ETH, RCC, USART3, USB_OTG_FS]
2022-11-22 15:27:08,135 [INFO] Gpio:272 - dependency for GPIO [ETH, RCC, USART3, USB_OTG_FS]
2022-11-22 15:27:31,497 [INFO] Gpio:272 - dependency for GPIO [ETH, RCC, USART3, USB_OTG_FS]
2022-11-22 15:29:20,714 [INFO] Gpio:272 - dependency for GPIO [ETH, RCC, USART3, USB_OTG_FS]
2022-11-22 15:29:35,581 [INFO] UtilMem:74 - End SaveConfig() Used Memory: 618294520 Bytes (1055916032)
2022-11-22 15:29:37,101 [INFO] UtilMem:74 - End SaveConfig() Used Memory: 635636440 Bytes (1055916032)
2022-11-22 15:29:41,244 [INFO] UtilMem:74 - End SaveConfig() Used Memory: 780398616 Bytes (1055916032)
2022-11-22 15:29:42,289 [INFO] BlockDiagram:2753 - set Specific Code input for plugin: RCC
2022-11-22 15:29:42,289 [INFO] BlockDiagram:2753 - set Specific Code input for plugin: USART
2022-11-22 15:29:42,289 [INFO] BlockDiagram:2753 - set Specific Code input for plugin: ETH
2022-11-22 15:29:42,289 [INFO] BlockDiagram:2753 - set Specific Code input for plugin: SYS
2022-11-22 15:29:42,289 [INFO] BlockDiagram:2753 - set Specific Code input for plugin: USB_OTG_FS
2022-11-22 15:29:42,289 [INFO] BlockDiagram:2753 - set Specific Code input for plugin: NVIC2
2022-11-22 15:29:42,290 [INFO] BlockDiagram:2753 - set Specific Code input for plugin: GPIO
2022-11-22 15:29:42,290 [INFO] BlockDiagram:2753 - set Specific Code input for plugin: SYS_M4
2022-11-22 15:29:42,290 [INFO] BlockDiagram:2753 - set Specific Code input for plugin: NVIC1
2022-11-22 15:29:42,291 [INFO] CodeGenerator:690 - code generatio: config db path: C:\ST\STM32CubeIDE_1.10.1\STM32CubeIDE\plugins\com.st.stm32cube.common.mx_6.6.1.202207061420\\db\
2022-11-22 15:29:42,693 [INFO] CodeEngine:245 - oldGeneratedFile, C:\Users\Ponchito\Desktop\Multinucleo\Multi\MXTmpFiles\license.tmp_save
2022-11-22 15:29:42,856 [INFO] CodeEngine:269 - Generated code: C:\Users\Ponchito\Desktop\Multinucleo\Multi\MXTmpFiles\license.tmp
2022-11-22 15:29:43,125 [INFO] CodeEngine:245 - oldGeneratedFile, C:\Users\Ponchito\Desktop\Multinucleo\Multi\CM7\MXTmpFiles\gpio.tmp_save
2022-11-22 15:29:43,249 [INFO] CodeEngine:269 - Generated code: C:\Users\Ponchito\Desktop\Multinucleo\Multi\CM7\MXTmpFiles\gpio.tmp
2022-11-22 15:29:43,625 [WARN] IPConfigManager:94 - WARNING: Missing Config File for NVIC1 ip!!
2022-11-22 15:29:44,351 [INFO] CodeEngine:245 - oldGeneratedFile, C:\Users\Ponchito\Desktop\Multinucleo\Multi\CM7\MXTmpFiles\cortex.tmp_save
2022-11-22 15:29:44,579 [INFO] CodeEngine:269 - Generated code: C:\Users\Ponchito\Desktop\Multinucleo\Multi\CM7\MXTmpFiles\cortex.tmp
2022-11-22 15:29:44,627 [INFO] CodeEngine:245 - oldGeneratedFile, C:\Users\Ponchito\Desktop\Multinucleo\Multi\CM7\Core\Src\stm32h7xx_it.c_save
2022-11-22 15:29:44,788 [INFO] CodeEngine:269 - Generated code: C:\Users\Ponchito\Desktop\Multinucleo\Multi\CM7\Core\Src\stm32h7xx_it.c
2022-11-22 15:29:44,797 [INFO] CodeEngine:245 - oldGeneratedFile, C:\Users\Ponchito\Desktop\Multinucleo\Multi\CM7\Core\Inc\stm32h7xx_it.h_save
2022-11-22 15:29:45,009 [INFO] CodeEngine:269 - Generated code: C:\Users\Ponchito\Desktop\Multinucleo\Multi\CM7\Core\Inc\stm32h7xx_it.h
2022-11-22 15:29:45,194 [INFO] CodeEngine:245 - oldGeneratedFile, C:\Users\Ponchito\Desktop\Multinucleo\Multi\CM7\Core\Src\stm32h7xx_hal_msp.c_save
2022-11-22 15:29:45,465 [INFO] CodeEngine:269 - Generated code: C:\Users\Ponchito\Desktop\Multinucleo\Multi\CM7\Core\Src\stm32h7xx_hal_msp.c
2022-11-22 15:29:45,473 [INFO] CodeEngine:245 - oldGeneratedFile, C:\Users\Ponchito\Desktop\Multinucleo\Multi\CM7\MXTmpFiles\system.tmp_save
2022-11-22 15:29:45,531 [INFO] CodeEngine:269 - Generated code: C:\Users\Ponchito\Desktop\Multinucleo\Multi\CM7\MXTmpFiles\system.tmp
2022-11-22 15:29:45,550 [INFO] CodeEngine:245 - oldGeneratedFile, C:\Users\Ponchito\Desktop\Multinucleo\Multi\CM7\Core\Inc\stm32h7xx_hal_conf.h_save
2022-11-22 15:29:45,723 [INFO] CodeEngine:269 - Generated code: C:\Users\Ponchito\Desktop\Multinucleo\Multi\CM7\Core\Inc\stm32h7xx_hal_conf.h
2022-11-22 15:29:45,747 [WARN] IPConfigManager:3348 - IP not found : NVIC
2022-11-22 15:29:45,747 [WARN] IPConfigManager:3348 - IP not found : USB_OTG
2022-11-22 15:29:45,747 [WARN] CodeGenerator:3567 - IP not found : null
2022-11-22 15:29:45,747 [WARN] CodeGenerator:3567 - IP not found : null
2022-11-22 15:29:45,755 [INFO] CodeEngine:245 - oldGeneratedFile, C:\Users\Ponchito\Desktop\Multinucleo\Multi\CM7\Core\Inc\main.h_save
2022-11-22 15:29:45,976 [INFO] CodeEngine:269 - Generated code: C:\Users\Ponchito\Desktop\Multinucleo\Multi\CM7\Core\Inc\main.h
2022-11-22 15:29:45,992 [INFO] CodeEngine:245 - oldGeneratedFile, C:\Users\Ponchito\Desktop\Multinucleo\Multi\CM7\Core\Src\main.c_save
2022-11-22 15:29:46,146 [INFO] CodeEngine:269 - Generated code: C:\Users\Ponchito\Desktop\Multinucleo\Multi\CM7\Core\Src\main.c
2022-11-22 15:29:46,588 [INFO] CodeEngine:245 - oldGeneratedFile, C:\Users\Ponchito\Desktop\Multinucleo\Multi\MXTmpFiles\license.tmp_save
2022-11-22 15:29:46,724 [INFO] CodeEngine:269 - Generated code: C:\Users\Ponchito\Desktop\Multinucleo\Multi\MXTmpFiles\license.tmp
2022-11-22 15:29:46,753 [INFO] CodeEngine:245 - oldGeneratedFile, C:\Users\Ponchito\Desktop\Multinucleo\Multi\CM4\MXTmpFiles\gpio.tmp_save
2022-11-22 15:29:46,920 [INFO] CodeEngine:269 - Generated code: C:\Users\Ponchito\Desktop\Multinucleo\Multi\CM4\MXTmpFiles\gpio.tmp
2022-11-22 15:29:46,951 [WARN] IPConfigManager:94 - WARNING: Missing Config File for NVIC2 ip!!
2022-11-22 15:29:46,988 [INFO] CodeEngine:245 - oldGeneratedFile, C:\Users\Ponchito\Desktop\Multinucleo\Multi\CM4\MXTmpFiles\cortex.tmp_save
2022-11-22 15:29:47,205 [INFO] CodeEngine:269 - Generated code: C:\Users\Ponchito\Desktop\Multinucleo\Multi\CM4\MXTmpFiles\cortex.tmp
2022-11-22 15:29:47,258 [INFO] CodeEngine:245 - oldGeneratedFile, C:\Users\Ponchito\Desktop\Multinucleo\Multi\CM4\Core\Src\stm32h7xx_it.c_save
2022-11-22 15:29:47,498 [INFO] CodeEngine:269 - Generated code: C:\Users\Ponchito\Desktop\Multinucleo\Multi\CM4\Core\Src\stm32h7xx_it.c
2022-11-22 15:29:47,507 [INFO] CodeEngine:245 - oldGeneratedFile, C:\Users\Ponchito\Desktop\Multinucleo\Multi\CM4\Core\Inc\stm32h7xx_it.h_save
2022-11-22 15:29:47,698 [INFO] CodeEngine:269 - Generated code: C:\Users\Ponchito\Desktop\Multinucleo\Multi\CM4\Core\Inc\stm32h7xx_it.h
2022-11-22 15:29:47,815 [INFO] CodeEngine:245 - oldGeneratedFile, C:\Users\Ponchito\Desktop\Multinucleo\Multi\CM4\Core\Src\stm32h7xx_hal_msp.c_save
2022-11-22 15:29:48,098 [INFO] CodeEngine:269 - Generated code: C:\Users\Ponchito\Desktop\Multinucleo\Multi\CM4\Core\Src\stm32h7xx_hal_msp.c
2022-11-22 15:29:48,108 [INFO] CodeEngine:245 - oldGeneratedFile, C:\Users\Ponchito\Desktop\Multinucleo\Multi\CM4\MXTmpFiles\system.tmp_save
2022-11-22 15:29:48,256 [INFO] CodeEngine:269 - Generated code: C:\Users\Ponchito\Desktop\Multinucleo\Multi\CM4\MXTmpFiles\system.tmp
2022-11-22 15:29:48,287 [INFO] CodeEngine:245 - oldGeneratedFile, C:\Users\Ponchito\Desktop\Multinucleo\Multi\CM4\Core\Inc\stm32h7xx_hal_conf.h_save
2022-11-22 15:29:48,488 [INFO] CodeEngine:269 - Generated code: C:\Users\Ponchito\Desktop\Multinucleo\Multi\CM4\Core\Inc\stm32h7xx_hal_conf.h
2022-11-22 15:29:48,520 [WARN] IPConfigManager:3348 - IP not found : NVIC
2022-11-22 15:29:48,520 [WARN] CodeGenerator:3567 - IP not found : null
2022-11-22 15:29:48,553 [INFO] CodeEngine:245 - oldGeneratedFile, C:\Users\Ponchito\Desktop\Multinucleo\Multi\CM4\Core\Inc\main.h_save
2022-11-22 15:29:48,765 [INFO] CodeEngine:269 - Generated code: C:\Users\Ponchito\Desktop\Multinucleo\Multi\CM4\Core\Inc\main.h
2022-11-22 15:29:48,790 [INFO] CodeEngine:245 - oldGeneratedFile, C:\Users\Ponchito\Desktop\Multinucleo\Multi\CM4\Core\Src\main.c_save
2022-11-22 15:29:49,065 [INFO] CodeEngine:269 - Generated code: C:\Users\Ponchito\Desktop\Multinucleo\Multi\CM4\Core\Src\main.c
2022-11-22 15:29:51,408 [INFO] ProjectBuilder:2919 - Time for Copy HAL[1] : 843mS.
2022-11-22 15:29:51,433 [INFO] ProjectBuilder:4117 - Project Generator version: 3.17.1
2022-11-22 15:29:52,094 [INFO] ConfigFileManager:1394 - The Die is : DIE450
2022-11-22 15:30:07,558 [INFO] ProjectBuilder:4285 - Time for Generating toolchain IDE Files: 16125mS.
2022-11-22 15:30:07,558 [INFO] ProjectBuilder:2790 - Time for Copy CMSIS : 0mS.
2022-11-22 15:30:07,562 [INFO] ProjectBuilder:2790 - Time for Copy CMSIS : 0mS.
2022-11-22 17:04:47,669 [ERROR] LogOutputStream:74 - [STDERR_REDIRECT] 
